a à á â ã ä å ɑ а ạ ǎ ă ȧ ӓ ٨
b d lb ib ʙ Ь b̔" ɓ Б в
c ϲ с ƈ ċ ć ç
e é ê ë ē ĕ ě ė е ẹ ę є ϵ ҽ
h һ հ Ꮒ н
i 1 l Ꭵ í ï ı ɩ ι ꙇ ǐ ĭ ¡ і
k κ ⲕ к
m ṃ ᴍ м ɱ
o 0 Ο ο О о Օ ȯ ọ ỏ ơ ó ö ӧ
p ρ р ƿ Ϸ Þ
s Ⴝ Ꮪ ʂ ś ѕ
t τ т ţ
x х ҳ ẋ
y у Ү ý ʏ γ
а a à á â ã ä å ɑ ạ ǎ ă ȧ ӓ
б 6 b Ь b̔" ɓ Б
в b B
г r Г ᴦ
д d
е e é ê ë ē ĕ ě ė ẹ ę є ҽ ё
ж zh x *
з 3 z
и u n
й и u n
к k κ ⲕ
л n Λ
м m ᴍ
н h H
о o 0 Ο ο О о Օ ȯ ọ ỏ ơ ó ö ӧ
п n Π
р p ρ
с c ϲ
т t τ
у y ү γ
ф φ Φ o
х x
ц u
ч 4
ш w
щ w ш
ъ b ʙ
ы bl
ь b Ь
э 3 € e
ю io u
я r ɾ
ё е ë ė ӗ ӧ
ѕ s 5 ƽ
і i 1 l
ј j
ѡ w ω
ѧ я
ѩ я
ѫ o
ѭ ю
ѯ x ξ
ѱ ψ
