0 薪芯谢褜
1 芯写懈薪 锌械褉胁褘泄
2 写胁邪 胁褌芯褉芯泄
3 褌褉懈 褌褉械褌懈泄
4 褔械褌褘褉械 褔械褌胁械褉褌褘泄
5 锌褟褌褜 锌褟褌褘泄
6 褕械褋褌褜 褕械褋褌芯泄
7 褋械屑褜 褋械写褜屑芯泄
8 胁芯褋械屑褜 胁芯褋褜屑芯泄
9 写械胁褟褌褜 写械胁褟褌褘泄
10 写械褋褟褌褜 写械褋褟褌褘泄
11 芯写懈薪薪邪写褑邪褌褜 芯写懈薪薪邪写褑邪褌褘泄
12 写胁械薪邪写褑邪褌褜 写胁械薪邪写褑邪褌褘泄
13 褌褉懈薪邪写褑邪褌褜 褌褉懈薪邪写褑邪褌褘泄
14 褔械褌褘褉薪邪写褑邪褌褜 褔械褌褘褉薪邪写褑邪褌褘泄
15 锌褟褌薪邪写褑邪褌褜 锌褟褌薪邪写褑邪褌褘泄
16 褕械褋褌薪邪写褑邪褌褜 褕械褋褌薪邪写褑邪褌褘泄
17 褋械屑薪邪写褑邪褌褜 褋械屑薪邪写褑邪褌褘泄
18 胁芯褋械屑薪邪写褑邪褌褜 胁芯褋械屑薪邪写褑邪褌褘泄
19 写械胁褟褌薪邪写褑邪褌褜 写械胁褟褌薪邪写褑邪褌褘泄
20 写胁邪写褑邪褌褜 写胁邪写褑邪褌褘泄
21 写胁邪写褑邪褌褜芯写懈薪
22 写胁邪写褑邪褌褜写胁邪
23 写胁邪写褑邪褌褜褌褉懈
24 写胁邪写褑邪褌褜褔械褌褘褉械
30 褌褉懈写褑邪褌褜 褌褉懈写褑邪褌褘泄
40 褋芯褉芯泻 褋芯褉芯泻芯胁芯泄
50 锌褟褌褜写械褋褟褌 锌褟褌懈写械褋褟褌褘泄
60 褕械褋褌褜写械褋褟褌 褕械褋褌懈写械褋褟褌褘泄
70 褋械屑褜写械褋褟褌 褋械屑懈写械褋褟褌褘泄
80 胁芯褋械屑褜写械褋褟褌 胁芯褋褜屑懈写械褋褟褌褘泄
90 写械胁褟薪芯褋褌芯 写械胁褟薪芯褋褌褘泄
100 褋褌芯 褋芯褌褘泄
200 写胁械褋褌懈
300 褌褉懈褋褌邪
400 褔械褌褘褉械褋褌邪
500 锌褟褌褜褋芯褌
600 褕械褋褌褜褋芯褌
700 褋械屑褜褋芯褌
800 胁芯褋械屑褜褋芯褌
900 写械胁褟褌褜褋芯褌
1000 褌褘褋褟褔邪 褌褘褋褟褔薪褘泄
1000000 屑懈谢谢懈芯薪 屑懈谢谢懈芯薪薪褘泄
1000000000 屑懈谢谢懈邪褉写 屑懈谢谢懈邪褉写薪褘泄
