*
.
0
1
10
100
1000
1000000
1000000000
11
12
13
14
15
16
17
18
19
2
20
200
21
22
23
24
3
30
300
4
40
400
5
50
500
6
60
600
7
70
700
8
80
800
9
90
900
B
H
a
b
bl
b̔"
c
d
e
h
i
ib
io
j
k
l
lb
m
n
o
p
r
s
semen
semyon
t
u
w
x
y
z
zh
¡
Þ
à
á
â
ã
ä
å
ç
é
ê
ë
í
ï
ó
ö
ý
ă
ć
ċ
ē
ĕ
ė
ę
ě
ĭ
ı
ś
ţ
ƈ
ơ
ƽ
ƿ
ǎ
ǐ
ȧ
ȯ
ɑ
ɓ
ɩ
ɱ
ɾ
ʂ
ʏ
ʙ
Λ
Ο
Π
Φ
γ
ι
κ
ξ
ο
ρ
τ
φ
ψ
ω
ϲ
ϵ
Ϸ
Б
Г
О
Ь
а
агенство
агентство
адрес
адресс
б
большой
будущее
будующее
быстро
быстрый
в
внутри
вобщем
воин
воинн
вообще
вообщем
восемнадцатый
восемнадцать
восемь
восемьдесят
восемьсот
восьмидесятый
восьмой
все
всё
второй
вход
высокий
выход
г
горячий
д
да
два
двадцатый
двадцать
двадцатьдва
двадцатьодин
двадцатьтри
двадцатьчетыре
двенадцатый
двенадцать
двести
девяносто
девяностый
девятнадцатый
девятнадцать
девятый
девять
девятьсот
день
десятый
десять
е
ее
еще
ещё
её
ж
жизнь
з
закрыть
зделать
здесь
и
извените
извините
инженер
инжинер
интересно
интерестно
информация
информацыя
й
к
код
компаниа
компания
комфортно
комфорто
конец
кот
л
легкий
легко
лед
лет
ложь
луг
лук
м
маленький
медленно
медленный
миллиард
миллиардный
миллион
миллионный
н
начало
нет
низкий
новый
ноль
ночь
о
один
одиннадцатый
одиннадцать
оканчание
окончание
организация
организацыя
открыть
п
первый
плохо
плохой
пожалуйста
пожалуйсто
пожалуста
поздно
позже
потомучто
правда
придти
прийдти
прийти
приход
проблема
проблемма
професия
професор
профессия
профессор
пруд
прут
пятидесятый
пятнадцатый
пятнадцать
пятый
пять
пятьдесят
пятьсот
р
рано
раньше
род
рот
с
свет
сделать
сдесь
седьмой
семидесятый
семнадцатый
семнадцать
семь
семьдесят
семьсот
сильный
слабый
смерть
снаружи
сора
сорок
сороковой
сотый
ссора
старый
сто
счастье
т
точка
третий
три
тридцатый
тридцать
тринадцатый
тринадцать
триста
трудно
тся
тысяча
тысячный
тьма
ться
тяжелый
у
уход
учавствовать
участвовать
ф
х
холодный
хороший
хорошо
ц
ч
черезчур
чересчур
четвертый
четыре
четыреста
четырнадцатый
четырнадцать
ш
шестидесятый
шестнадцатый
шестнадцать
шестой
шесть
шестьдесят
шестьсот
щ
щастье
ъ
ы
ь
э
ю
я
ё
є
ѕ
і
ј
ѡ
ѧ
ѩ
ѫ
ѭ
ѯ
ѱ
Ү
ү
ҳ
һ
ҽ
ӓ
ӗ
ӧ
Օ
հ
٨
Ⴝ
Ꭵ
Ꮒ
Ꮪ
ᴍ
ᴦ
ṃ
ẋ
ạ
ẹ
ọ
ỏ
€
ⲕ
ꙇ
