0 صفر
1 واحد أول
2 اثنان ثاني
3 ثلاثة ثالث
4 أربعة رابع
5 خمسة خامس
6 ستة سادس
7 سبعة سابع
8 ثمانية ثامن
9 تسعة تاسع
10 عشرة عاشر
٠ صفر sifr
١ واحد أول wa7ed
١٠ عشرة عاشر 3ashara
١٠٠ مئة
١٠٠٠ ألف
١٠٠٠٠٠٠ مليون
١٠٠٠٠٠٠٠٠٠ مليار
١١ أحدعشر
١٢ اثناعشر
١٣ ثلاثةعشر
١٤ أربعةعشر
١٥ خمسةعشر
٢ اثنان ثاني etneyn athnan
٢٠ عشرون
٣ ثلاثة ثالث talata
٣٠ ثلاثون
٤ أربعة رابع arba3a
٤٠ أربعون
٥ خمسة خامس 7amsa
٥٠ خمسون
٦ ستة سادس setta
٦٠ ستون
٧ سبعة سابع sab3a
٧٠ سبعون
٨ ثمانية ثامن tamanya
٨٠ ثمانون
٩ تسعة تاسع tes3a
٩٠ تسعون
