.
0
1
10
2
3
3ashara
4
5
6
7
7amsa
8
9
J
arba3a
athnan
b
etneyn
j
l
sab3a
setta
sifr
talata
tamanya
tes3a
vv
wa7ed
¡
í
ï
ó
ö
ĭ
ı
ơ
ǐ
ȯ
ɩ
Ο
ι
ο
О
в
о
ѡ
ӧ
ԝ
Օ
ա
آ
أ
أحدعشر
أربعة
أربعةعشر
أربعون
ألف
أمير
أول
ؤ
إ
إسلام
إلى
ئ
ا
اثناعشر
اثنان
اسلام
الى
امير
ب
بارد
بداية
بطيء
بعيد
ة
ت
تاسع
تسعة
تسعون
ث
ثالث
ثامن
ثاني
ثلاثة
ثلاثةعشر
ثلاثون
ثمانون
ثمانية
ج
جامعة
جامعه
جديد
جيد
ح
حار
حزين
حسن
خ
خارج
خامس
خمسة
خمسةعشر
خمسون
د
داخل
ذ
ر
رابع
ز
س
سابع
سادس
سبعة
سبعون
ستة
ستون
سريع
سعيد
سيئ
ش
شركة
شركه
ص
صغير
صفر
ض
ضعيف
ط
ظ
ع
عاشر
عشرة
عشرون
غ
ف
ق
قديم
قريب
قوي
ك
كبير
ل
لا
م
مئة
مدرسة
مدرسه
مسألة
مسؤول
مساله
مسول
مليار
مليون
ن
نعم
نقطة
نهاية
ه
و
واحد
ى
ي
٠
١
١٠
١٠٠
١٠٠٠
١٠٠٠٠٠٠
١٠٠٠٠٠٠٠٠٠
١١
١٢
١٣
١٤
١٥
٢
٢٠
٣
٣٠
٤
٤٠
٥
٥٠
٦
٦٠
٧
٧٠
٨
٨٠
٩
٩٠
ٱ
ک
ড
Ꭵ
ọ
ỏ
ꙇ
