.
0
1
10
100
1000
1000000
1000000000
11
12
13
14
15
16
17
18
19
2
20
3
30
4
40
5
50
6
60
7
70
8
80
9
90
a
ae
b
b̔"
c
cl
d
di
dl
e
f
g
h
i
ib
ih
ik
j
k
l
lb
lc
lh
lk
m
n
nn
o
oe
p
q
r
rn
rr
s
ss
t
u
v
vv
v̇
w
x
y
z
¡
Þ
ß
à
á
â
ã
ä
å
æ
ç
è
é
ê
ë
í
î
ï
ñ
ó
ô
ö
ø
ù
ú
û
ü
ý
ÿ
ă
ć
ċ
č
đ
ē
ĕ
ė
ę
ě
ğ
ġ
ģ
ĭ
ı
ł
ń
œ
ś
ţ
ŭ
ź
ż
ƈ
ƒ
ơ
ƿ
ǎ
ǐ
ǔ
ǵ
ȧ
ȯ
ɉ
ɑ
ɓ
ɗ
ɡ
ɢ
ɩ
ɫ
ɱ
ɼ
ɽ
ʀ
ʂ
ʏ
ʐ
ʙ
ʝ
ʠ
Ο
γ
ι
κ
μ
ν
ο
ρ
τ
υ
Ϝ
ϲ
ϳ
ϵ
Ϸ
Б
Г
О
Ь
а
е
к
м
н
о
р
с
т
у
х
ц
є
ѕ
і
ј
ѡ
ѵ
Ғ
ҫ
Ү
ҳ
һ
ҽ
ӓ
ӧ
ԁ
Ԍ
ԛ
ԝ
Ս
Օ
ա
գ
զ
ժ
հ
ս
ց
ا
ة
ه
١
٨
Ⴝ
ა
ათასი
ათი
არა
ასი
ბ
გ
დ
დიდი
ე
ერთი
ექვსი
ვ
ზ
თ
თერთმეტი
თექვსმეტი
თვრამეტი
თოთხმეტი
თორმეტი
თხუთმეტი
ი
კ
კარგი
კი
ლ
მ
მეათე
მეექვსე
მეოთხე
მეორე
მერვე
მესამე
მეშვიდე
მეცხრე
მეხუთე
მილიარდი
მილიონი
ნ
ნული
ო
ოთხი
ოთხმოცდაათი
ოთხმოცი
ორი
ორმოცდაათი
ორმოცი
ოცდაათი
ოცი
პ
პატარა
პირველი
ჟ
რ
რვა
ს
სამი
სამოცდაათი
სამოცი
ტ
უ
ფ
ქ
ღ
ყ
შ
შვიდი
ჩ
ჩვიდმეტი
ც
ცამეტი
ცუდი
ცხრა
ცხრამეტი
ძ
წ
წერტილი
ჭ
ხ
ხუთი
ჯ
ჰ
Ꭵ
Ꮒ
Ꮪ
ᴍ
ᴜ
ᴢ
ᴦ
ṃ
ẋ
ạ
ẹ
ọ
ỏ
ⲕ
ꙇ
