0 nolla
1 yksi ensimmainen ensimmäinen
2 kaksi toinen
3 kolme kolmas
4 nelja neljas neljä neljäs
5 viisi viides
6 kuusi kuudes
7 seitseman seitsemas seitsemän seitsemäs
8 kahdeksan kahdeksas
9 yhdeksan yhdeksas yhdeksän yhdeksäs
10 kymmenen kymmenes
11 yksitoista
12 kaksitoista
13 kolmetoista
14 neljatoista neljätoista
15 viisitoista
16 kuusitoista
17 seitsemantoista seitsemäntoista
18 kahdeksantoista
19 yhdeksantoista yhdeksäntoista
20 kaksikymmenta kaksikymmentä
21 kaksikymmentayksi kaksikymmentäyksi
30 kolmekymmenta kolmekymmentä
40 neljakymmenta neljäkymmentä
50 viisikymmenta viisikymmentä
60 kuusikymmenta kuusikymmentä
70 seitsemankymmenta seitsemänkymmentä
80 kahdeksankymmenta kahdeksankymmentä
90 yhdeksankymmenta yhdeksänkymmentä
100 sata
1000 tuhat
1000000 miljoona
1000000000 miljardi
