.
0
1
10
100
1000
1000000
1000000000
11
12
13
14
15
16
17
18
19
2
20
21
3
30
4
40
5
50
6
60
7
70
8
80
9
90
a
alas
alku
b
b̔"
c
cl
d
di
dl
e
ensimmainen
ensimmäinen
epätosi
f
g
h
heikko
helppo
hidas
huono
hyvä
i
ib
ih
ik
iso
j
k
kahdeksan
kahdeksankymmenta
kahdeksankymmentä
kahdeksantoista
kahdeksas
kaksi
kaksikymmenta
kaksikymmentayksi
kaksikymmentä
kaksikymmentäyksi
kaksitoista
kaukana
kolmas
kolme
kolmekymmenta
kolmekymmentä
kolmetoista
kuudes
kuusi
kuusikymmenta
kuusikymmentä
kuusitoista
kylmä
kymmenen
kymmenes
l
lb
lc
lh
lk
loppu
lähellä
lämmin
m
mahdollinen
mahdoton
miljardi
miljoona
mita
mitä
n
nelja
neljakymmenta
neljas
neljatoista
neljä
neljäkymmentä
neljäs
neljätoista
nn
nolla
nopea
o
p
pieni
piste
poyta
päivä
pöytä
q
r
rn
rr
s
sata
seitseman
seitsemankymmenta
seitsemantoista
seitsemas
seitsemän
seitsemänkymmentä
seitsemäntoista
seitsemäs
sina
sinä
sisään
syo
syoda
syö
syödä
t
talla
tama
tassa
toinen
tosi
tuhat
tällä
tämä
tässä
u
ulos
uusi
v
vahva
vaikea
vanha
viides
viisi
viisikymmenta
viisikymmentä
viisitoista
vv
v̇
w
x
y
yhdeksan
yhdeksankymmenta
yhdeksantoista
yhdeksas
yhdeksän
yhdeksänkymmentä
yhdeksäntoista
yhdeksäs
yksi
yksitoista
ylös
yo
yö
z
¡
Þ
à
á
â
ã
ä
å
ç
é
ê
ë
í
ï
ó
ö
ý
ă
ć
ċ
đ
ē
ĕ
ė
ę
ě
ğ
ġ
ģ
ĭ
ı
ł
ń
ś
ţ
ŭ
ź
ż
ƈ
ƒ
ơ
ƿ
ǎ
ǐ
ǔ
ǵ
ȧ
ȯ
ɉ
ɑ
ɓ
ɗ
ɡ
ɢ
ɩ
ɫ
ɱ
ɼ
ɽ
ʀ
ʂ
ʏ
ʐ
ʙ
ʝ
ʠ
Ο
γ
ι
κ
μ
ν
ο
ρ
τ
υ
Ϝ
ϲ
ϳ
ϵ
Ϸ
Б
Г
О
Ь
а
е
м
н
о
р
с
т
у
х
ц
є
ѕ
ј
ѡ
ѵ
Ғ
Ү
ҳ
һ
ҽ
ӓ
ӧ
ԁ
Ԍ
ԛ
ԝ
Ս
Օ
ա
գ
զ
ժ
հ
ս
ց
Ⴝ
Ꭵ
Ꮒ
Ꮪ
ᴍ
ᴜ
ᴢ
ᴦ
ṃ
ẋ
ạ
ẹ
ọ
ỏ
ⲕ
ꙇ
