-
.
0
1
10
100
1000
1000000
1000000000
11
12
13
14
15
16
17
18
19
2
20
3
30
4
40
5
50
6
60
7
70
8
80
9
90
D
J
P
T
U
X
g
i
j
l
n
o
p
t
u
v
w
x
y
ó
ö
ơ
ȯ
Ο
ο
О
о
ӧ
Օ
א
אחד
אחדעשר
אימייל
אינטרנט
אינטרנת
אלף
אפס
אפשרי
ארבע
ארבעים
ארבעעשרה
ב
בחוץ
בלתי אפשרי
בתוך
ג
גבוה
גדול
ד
דואל
ה
הנדון
הנידון
התחלה
ו
ז
ח
חדש
חזק
חלש
חמישי
חמישים
חמש
חמשעשרה
ט
טוב
טכנולגיה
טכנולוגיה
י
יום
ישן
כ
כן
כשהגעתי
ל
לא
לאט
לטבוע
לילה
לתבוע
מ
מאה
מהר
מייל
מיליארד
מיליון
מקף
נ
נחרט
נחרת
נמוך
נקודה
ס
סוף
ע
עשירי
עשר
עשרים
פ
צ
ק
קטן
ר
ראשון
רביעי
רע
ש
שביעי
שבע
שבעים
שבעעשרה
שהגעתי
שישי
שישים
שלוש
שלושים
שלושעשרה
שלישי
שמונה
שמונהעשרה
שמונים
שמיני
שני
שש
ששעשרה
שתיים
שתיםעשרה
ת
תשיעי
תשע
תשעים
תשעעשרה
ة
ه
ọ
ỏ
