.
0
1
10
100
1000
1000000
1000000000
11
12
13
14
15
16
17
18
19
2
20
3
30
4
40
5
50
6
60
7
70
8
80
9
90
a
ae
andra
arton
artonde
b
bra
b̔"
c
cl
d
di
dl
dålig
e
elfte
elva
ett
f
fem
femte
femtio
femtionde
femton
femtonde
fjorton
fjortonde
fjärde
fyra
fyrtio
fyrtionde
första
g
h
hundra
hundrade
i
ib
ih
ik
j
ja
k
l
lb
lc
lh
liten
lk
m
miljard
miljon
n
nej
nio
nionde
nittio
nittionde
nitton
nittonde
nn
noll
o
oe
p
punkt
q
r
rn
rr
s
sex
sextio
sextionde
sexton
sextonde
sju
sjunde
sjuttio
sjuttionde
sjutton
sjuttonde
sjätte
ss
stor
t
tio
tionde
tjugo
tjugonde
tolfte
tolv
tre
tredje
trettio
trettionde
tretton
trettonde
tusen
tusende
två
u
v
vv
v̇
w
x
y
z
¡
Þ
ß
à
á
â
ã
ä
å
åtta
åttio
åttionde
åttonde
æ
ç
è
é
ê
ë
í
î
ï
ñ
ó
ô
ö
ø
ù
ú
û
ü
ý
ÿ
ă
ć
ċ
č
đ
ē
ĕ
ė
ę
ě
ğ
ġ
ģ
ĭ
ı
ł
ń
œ
ś
ţ
ŭ
ź
ż
ƈ
ƒ
ơ
ƿ
ǎ
ǐ
ǔ
ǵ
ȧ
ȯ
ɉ
ɑ
ɓ
ɗ
ɡ
ɢ
ɩ
ɫ
ɱ
ɼ
ɽ
ʀ
ʂ
ʏ
ʐ
ʙ
ʝ
ʠ
Ο
γ
ι
κ
μ
ν
ο
ρ
τ
υ
Ϝ
ϲ
ϳ
ϵ
Ϸ
Б
Г
О
Ь
а
е
к
м
н
о
р
с
т
у
х
ц
є
ѕ
і
ј
ѡ
ѵ
Ғ
ҫ
Ү
ҳ
һ
ҽ
ӓ
ӧ
ԁ
Ԍ
ԛ
ԝ
Ս
Օ
ա
գ
զ
ժ
հ
ս
ց
ا
ة
ه
١
٨
Ⴝ
Ꭵ
Ꮒ
Ꮪ
ᴍ
ᴜ
ᴢ
ᴦ
ṃ
ẋ
ạ
ẹ
ọ
ỏ
ⲕ
ꙇ
