hwile while
authrorities authorities
emmision emission
absail abseil
inadquate inadequate
adviced advised
vyre very
cassowarry cassowary
abondon abandon
proclaimation proclamation
dominaton domination
morroccan moroccan
bizzare bizarre
onyl only
threee three
publsiher publisher
saveing saving
forunner forerunner
todays today's
attemp attempt
themslves themselves
neglible negligible
attemt attempt
critisized criticised criticized
hieroglph hieroglyph
scoll scroll
disappearred disappeared
visable visible
referal referral
carnagie-mellon carnegie-mellon
mysogynist misogynist
posess possess
ocasions occasions
paleolitic paleolithic
visably visibly
critisizes criticises criticizes
appenines apennines apennines
fimilies families
aroud around
philospher philosopher
nessasarily necessarily
cemetary cemetery
geographicial geographical
preceeded preceded
beccause because
dispair despair
definetly definitely
recommedations recommendations
transporation transportation
responsiblities responsibilities
enviornments environments
remeber remember
refromist reformist
demenor demeanor
discribes describes
cmo com
pasengers passengers
commision commission
inablility inability
signitories signatories
presidenital presidential
sotry story
aquaintance acquaintance
thast that that's
accoring according
identicial identical
survivied survived
octohedral octahedral
philisopher philosopher
catapillers caterpillars
possiblity possibility
febuary february
acheivment achievement
gunanine guanine
conesencus consensus
drummless drumless
sucession succession
heterogenous heterogeneous
startegic strategic
aeriel aerial
magolia magnolia
traditition tradition
folowing following
consorcium consortium
frequentily frequently
nkwo know
miliary military
trigered triggered
gaurentees guarantees
ressurected resurrected
manoeuverability maneuverability
significently significantly
tyhe they
transesxuals transsexuals
politicans politicians
chemcial chemical
contstruction construction
strnad strand
comparision comparison
dicovered discovered
famoust famous
succesfully successfully
obediant obedient
realsitic realistic
contributer contributor
reversable reversible
provisiosn provision
humurous humorous
alientating alienating
messanger messenger
extremly extremely
intrest interest
untranslateable untranslatable
congresional congressional
fransiscans franciscans
wirting writing
superintendant superintendent
convertables convertibles
pilgrimmage pilgrimage
claer clear
disaproval disapproval
nothern northern
typcial typical
bradcast broadcast
generaly generally
anulled annulled
interupt interrupt
eigth eighth eight
airrcraft aircraft
restauraunt restaurant
resemblence resemblance
conived connived
exagerrate exaggerate
emmitted emitted
allready already
embarras embarrass
unwarrented unwarranted
trafficed trafficked
aka a.k.a.
controled controlled
atheneans athenians
recided resided
nineth ninth
premonasterians premonstratensians
seguoys segues
artical article
perogative prerogative
contributers contributors
sponser sponsor
inmigrants immigrants
assasinates assassinates
achivement achievement
octohedra octahedra
assasinated assassinated
consequentually consequently
independantly independently
scrutinity scrutiny
overwheliming overwhelming
stratagically strategically
bergamont bergamot
manufatured manufactured
slaugterhouses slaughterhouses
acclimitization acclimatization
choosen chosen
chasr chaser chase
htere there here
architechtures architectures
implamenting implementing
klenex kleenex
persuits pursuits
inpolite impolite
corrispondants correspondents
becouse because
naploeon napoleon
attened attended
overwelming overwhelming
enduce induce
aborigene aborigine
ammount amount
vehicule vehicle
populare popular
opose oppose
penerator penetrator
chracter character
holf hold
explotation exploitation
incompatable incompatible
offcers officers
deffined defined
troling trolling
specifiying specifying
storeis stories
faciliates facilitates
lveo love
existant existent
dicover discover
decomposits decomposes
pulisher publisher
excellant excellent
faciliated facilitated
commemmorating commemorating
alowed allowed
combanations combinations
alreayd already
subterranian subterranean
condidtions conditions
insitution institution
appologies apologies
sincerley sincerely
inappropiate inappropriate
electon election electron
ressurrection resurrection
magnificient magnificent
fanatism fanaticism
reaccurring recurring
decieved deceived
electic eclectic electric
subtances substances
terriories territories
oging going ogling
imigration emigration immigration
omiting omitting
agina again angina
religeous religious
forfiet forfeit
neccessarily necessarily
stroy story destroy
refrence reference
discribed described
exelent excellent
twpo two
physicaly physically
siezure seizure
derivitive derivative
untill until
fucntioning functioning
alcoholical alcoholic
suprizingly surprisingly
catergorize categorize
earlies earliest
analagous analogous
conscent consent
resembes resembles
spectum spectrum
assitant assistant
ammend amend
afficionado aficionado
aquitted acquitted
restauranteurs restaurateurs
adherance adherence
troup troupe
agregate aggregate
infilitrated infiltrated
severeal several
lible libel liable
automaticly automatically
staion station
themselfs themselves
purposedly purposely
willingless willingness
geometrician geometer
substatial substantial
pususading persuading
massmedia mass media
austrailian australian
fundametals fundamentals
memeber member
sucessor successor
vistors visitors
reminescent reminiscent
inhabitans inhabitants
recieves receives
reciever receiver
suround surround
alternitives alternatives
soverign sovereign
inbalance imbalance
severley severely
recurrance recurrence
fougth fought
schedual schedule
conciously consciously
launhed launched
availaible available
husban husband
spendour splendour
rehersal rehearsal
suceed succeed
interational international
equiped equipped
indispensible indispensable
attemted attempted
labratory laboratory
signitory signatory
effords efforts affords
indviduals individuals
diffrent different
comprimise compromise
intruduced introduced
startegy strategy
bewteen between
messenging messaging
privelleges privileges
precentage percentage
realyl really
effulence effluence
radify ratify
spoonfulls spoonfuls
unsubstanciated unsubstantiated
kindergarden kindergarten
enourmously enormously
eventially eventually
penisular peninsular
sucesful successful
competive competitive
conciders considers
immidately immediately
dalmation dalmatian
lightyear light year
aready already
literture literature
suprize surprise
publlisher publisher
eyar year eyas
mamalian mammalian
scientis scientist
appart apart
torpedos torpedoes
unsuprizing unsurprising
sprech speech
finacial financial
guage gauge
chuch church
noticable noticeable
glight flight
artifical artificial
infilitration infiltration
inclreased increased
irregardless regardless
inevatible inevitable
offereings offerings
collecton collection
ocuntry country
guilia giulia
monolite monolithic
guilio giulio
childen children
doub doubt daub
upcomming upcoming
propoganda propaganda
volcanoe volcano
practial practical
publically publicly
harasments harassments
salery salary
unwieldly unwieldy
ceromony ceremony
responsibile responsible
enforceing enforcing
comissioned commissioned
enviroment environment
constaints constraints
trafic traffic
sucide suicide
bilateraly bilaterally
gonig going
comissioner commissioner
yotube youtube
preceed precede
inot into
prestigeous prestigious
availablity availability
exectued executed
biginning beginning
entitity entity
managment management
autochtonous autochthonous
nto not
standars standards
omited omitted
republian republican
returnd returned
minstries ministries
poenis penis
univeristy university
targetting targeting
theif thief
embarrasing embarrassing
segementation segmentation
unbeknowst unbeknownst
influented influenced
hypocracy hypocrisy
phonecian phoenecian
privaleges privileges
cannisters canisters
publisehr publisher
repulicans republicans
inheritage heritage inheritance
differnt different
equilibrum equilibrium
manuevers maneuvers manoeuvres
vitories victories
imense immense
clasically classically
ressurection resurrection
pasttime pastime
mortage mortgage
priveledges privileges
deteoriated deteriorated
pratice practice
agre agree
diaster disaster
warrriors warriors
affilliate affiliate
temerature temperature
perade parade
tkaing taking
symmetricaly symmetrically
errupted erupted
daed dead
unplease displease
studdy study
alotted allotted
japanes japanese
emphysyma emphysema
ingenius ingenious
procedger procedure
unconciousness unconsciousness
thsoe those
maneouvred manoeuvred
gerat great
accquainted acquainted
bodydbuilder bodybuilder
whith with
tlaking talking
wief wife
consern concern
yaerly yearly
electricly electrically
inital initial
excisted existed
protaganists protagonists
contruction construction
stradegy strategy
pattented patented
catepillar caterpillar
durig during
dissapears disappears
approachs approaches
gouvener governor
dissobediant disobedient
soveits soviets
reponse response
eraticly erratically
useing using
caluculated calculated
autoctonous autochthonous
unforgetable unforgettable
apparantly apparently
leathal lethal
preceeding preceding
satrical satirical
voleyball volleyball
publusher publisher
talekd talked
emited emitted
contigent contingent
plagarism plagiarism
heiroglyphics hieroglyphics
varities varieties
ocassional occasional
reicarnation reincarnation
pamflet pamphlet
guatamala guatemala
pretection protection
compatablities compatibilities
liasion liaison
qtuie quite quiet
breakthroughts breakthroughs
adminstrator administrator
publisger publisher
preminence preeminence
definining defining
controversey controversy
realy really
eles eels
levetating levitating
compatiblity compatibility
distingishes distinguishes
transfering transferring
agressive aggressive
virtualy virtually
guarenteed guaranteed
planation plantation
assocation association
pomotion promotion
maintance maintenance
succcesses successes
unilatreally unilaterally
hieroglphs hieroglyphs
supress suppress
portuguease portuguese
devolopement development
specfic specific
missonary missionary
guarentees guarantees
addtion addition
mysef myself
precisly precisely
buisnessman businessman
pubisher publisher
hospitible hospitable
magasine magazine
sytem system
corrispond correspond
heidelburg heidelberg
marjority majority
foriegn foreign
varations variations
mkaes makes
refereneced referenced
pwoer power
imprisonned imprisoned
calculater calculator
devestating devastating
naieve naive
illution illusion
auther author
includng including
facillitate facilitate
benificial beneficial
habsbourg habsburg
remenant remnant
methaphors metaphors
abouta about a
fourties forties
soilders soldiers
shineing shining
reccommended recommended
litature literature
thnig thing
calenders calendars
orginize organise
calulate calculate
garantee guarantee
nuturing nurturing
admissable admissible
excercise exercise
difficulity difficulty
pronounciation pronunciation
armamant armament
profesion profusion profession
desparate desperate disparate
explaning explaining
vegitable vegetable
acheiving achieving
instuments instruments
dispence dispense
exerciese exercises
pallete palette
twon town
algorhitms algorithms
tattooes tattoos
fluorish flourish
flourine fluorine
maintioned mentioned
dupicate duplicate
ususally usually
translaters translators
advertisments advertisements
peretrator perpetrator
beleive believe
premillenial premillennial
mechandise merchandise
socities societies
obstruced obstructed
beginnig beginning
assualted assaulted
fromed formed
shouldnt should not
deparmental departmental
misdameanors misdemeanors
cartdridge cartridge
occurance occurrence
libell libel
incarcirated incarcerated
surounds surrounds
binominal binomial
abbout about
consituted constituted
scholarstic scholastic scholarly
misouri missouri
potrait portrait
seperate separate
pursuaded persuaded
assualt assault
univeristies universities
peronal personal
decendent descendant
recieve receive
restaraunts restaurants
prominance prominence
despiration desperation
counries countries
aquire acquire
muscician musician
aledge allege
protruberance protuberance
tongiht tonight
archaology archeology archaeology
ouevre oeuvre
adquires acquires
expropiation expropriation
dicovery discovery
aggresive aggressive
dicovers discovers
interpet interpret
principial principal
delagates delegates
surveill surveil
occassions occasions
yeilding yielding
slighly slightly
envolutionary evolutionary
visting visiting
contamporary contemporary
priveliges privileges
unilateraly unilaterally
soem some
dissapear disappear
oximoron oxymoron
boundry boundary
proffesor professor
tast taste
morgage mortgage
transcendant transcendent
carismatic charismatic
neverthless nevertheless
parallely parallelly
comparisions comparisons
eclispe eclipse
weas was
unsurprizing unsurprising
implimented implemented
attendents attendants
irrelevent irrelevant
celcius celsius
equivelent equivalent
tenacle tentacle
oppinion opinion
foudn found
pronouced pronounced
extint extinct extant
prevelant prevalent
occurences occurrences
interfereing interfering
magincian magician
polyphonyic polyphonic
abandonned abandoned
mispell misspell
pastural pastoral
camoflage camouflage
backgorund background
consenquently consequently
israelies israelis
republians republicans
marketting marketing
bombarment bombardment
adminstrative administrative
exerbated exacerbated
filiament filament
legitamate legitimate
caterpilars caterpillars
tolerence tolerance
carribbean caribbean
relativly relatively
retreive retrieve
geneological genealogical
gogin going gauguin
indespensible indispensable
confids confides
posesses possesses
consicousness consciousness
poisin poison
particulary particularly
horrifing horrifying
possibile possible
convenant covenant
sorceror sorcerer
eligable eligible
iwll will
congradulations congratulations
beleiving believing
sucessfully successfully
posessed possessed
seinor senior
assassintation assassination
juristiction jurisdiction
heigher higher
syas says
tjhe the
innoculated inoculated
carnigie-mellon carnegie-mellon
speciman specimen
garantees guarantees
happenned happened
smoe some
excecute execute
seach search
archeaologists archeologists archaeologists
anytying anything
alcohal alcohol
exagerating exaggerating
alege allege
aparent apparent
receivedfrom received from
dectect detect
degrate degrade
posessing possessing
nowe now
diplomancy diplomacy
enviorments environments
upgradded upgraded
asign assign
signfies signifies
phillosophically philosophically
increadible incredible
gaurenteed guaranteed
breifly briefly
higer higher
penninsular peninsular
concensus consensus
aggregious egregious
destory destroy
timne time
albiet albeit
embargos embargoes
countains contains
vaccume vacuum
polution pollution
charactors characters
endolithes endoliths
unballance unbalance
rythm rhythm
subsquent subsequent
allegence allegiance
rocord record
millitant militant
ocasioned occasioned
anual annual
happended happened
judical judicial
committments commitments
principaly principality
acquited acquitted
pich pitch
pricipal principal
reffering referring
siezed seized sized
lerans learns
firends friends
plateu plateau
constituion constitution
solatary solitary
anyhwere anywhere
disobediant disobedient
spermatozoan spermatozoon
guatamalan guatemalan
archtypes archetypes
headquarer headquarter
poulations populations
origanaly originally
repulican republican
harrasment harassment
officaly officially
apperance appearance
inteligent intelligent
comapany company
guerrilas guerrillas
expecially especially
confidentally confidentially
idaeidae idea
thn then
rediculous ridiculous
referrences references
subjudgation subjugation
endig ending
doctines doctrines
foootball football
novermber november
anarchistm anarchism
philosphy philosophy
corperations corporations
recompence recompense
proccess process
succsess success
incorperation incorporation
palce place palace
decomissioned decommissioned
preperation preparation
deriviated derived
whlch which
autority authority
rabinnical rabbinical
repeteadly repeatedly
venemous venomous
beaurocracy bureaucracy
waht what
formidible formidable
arogant arrogant
marraige marriage
campagin campaign
levetated levitated
necessiate necessitate
noticible noticeable
extrordinary extraordinary
undreground underground
reconnaissence reconnaissance
levetates levitates
leibnitz leibniz
provisonal provisional
temparate temperate
facinated fascinated
dissobediance disobedience
attemped attempted
activly actively
adress address
regardes regards
emphsis emphasis
repsectively respectively
leage league
puchasing purchasing
enviornment environment
releived relieved
assemple assemble
banannas bananas
precedessor predecessor
stpo stop
prominant prominent
assit assist
preceeds precedes
wiht with
opression oppression
miscellanious miscellaneous
officals officials
consonents consonants
addressess addresses
releiver reliever
mileau milieu
tahn than
acident accident
taxanomic taxonomic
thgat that
specif specific specify
concious conscious
withold withhold
unfortunatly unfortunately
becames becomes became
protocal protocol
amalgomated amalgamated
consentrated concentrated
cencus census
stopry story
incomptetent incompetent
marryied married
independendet independent
presidental presidential
primative primitive
cincinnatti cincinnati
metalurgy metallurgy
guidence guidance
relitavely relatively
yaers years
practially practically
accomadating accommodating
accension accession ascension
vell well
resurecting resurrecting
intutive intuitive
crowm crown
almsot almost
interm interim
naturual natural
sucesfully successfully
dissobedience disobedience
omre more
regulaotrs regulators
appereance appearance
theyre they're
presumabely presumably
disctinction distinction
levetate levitate
desintegration disintegration
hallowean hallowe'en halloween
formallized formalized
satelites satellites
evenhtually eventually
syrap syrup
runing running
embarrasment embarrassment
puting putting
repatition repetition repartition
strictist strictest
emminently eminently
mirrorred mirrored
homogeneize homogenize
constarnation consternation
analitic analytic
asthetical aesthetical
boyant buoyant
vegtable vegetable
consolodated consolidated
cattleship battleship
cannotations connotations
cellpading cellpadding
resembelance resemblance
efel evil
mysogyny misogyny
architectual architectural
individualy individually
doccument document
workststion workstation
essentail essential
crusies cruises
behavour behavior behaviour
publicaly publicly
substracted subtracted
leutenant lieutenant
occassion occasion
spritual spiritual
nuremburg nuremberg
imagenary imaginary
generatting generating
millitary military
konws knows
lieuenant lieutenant
archetecturally architecturally
yaching yachting
singsog singsong
candidiate candidate
startegies strategies
faciliate facilitate
palistinian palestinian
beacuse because
bombardement bombardment
unathorised unauthorised
neigbouring neighbouring neighboring
vriety variety
estabishes establishes
liek like
verison version
ethnocentricm ethnocentrism
surounded surrounded
farenheit fahrenheit
mataphysical metaphysical
ocasion occasion
liftime lifetime
abortificant abortifacient
unsucessful unsuccessful
stuctured structured
percepted perceived
responsiblity responsibility
seeked sought
expalin explain
galvinized galvanized
posession possession
tyhat that
govenrment government
forbad forbade
commongly commonly
unprecendented unprecedented
unsuccesful unsuccessful
threshhold threshold
extrememly extremely
efficency efficiency
additionaly additionally
janurary january
intertaining entertaining
shortwhile short while
mysterous mysterious
criticists critics
commerically commercially
anthromorphization anthropomorphization
surrended surrounded surrendered
exibition exhibition
alchol alcohol
juadaism judaism
questonable questionable
unsucesfuly unsuccessfully
algoritm algorithm
responce response
univeral universal
percieve perceive
amature armature amateur
chemestry chemistry
ellected elected
devide divide
thigns things
neccessities necessities
acomplishment accomplishment
methaphor metaphor
hydropile hydrophile
juadism judaism
dimunitive diminutive
muscial musical
archaelogists archaeologists
exhibtion exhibition
excact exact
auromated automated
erested arrested erected
inbalanced imbalanced
casued caused
beautyfull beautiful
discontentment discontent
aggreed agreed
telelevision television
wriet write
unsurprizingly unsurprisingly
relinqushment relinquishment
incompatablities incompatibilities
casues causes
paralelly parallelly
clasic classic
republis republics
prohabition prohibition
accomodating accommodating
contravercial controversial
sourthern southern
perseverence perseverance
propmted prompted
accrediation accreditation
settlment settlement
hypocrits hypocrites
becuase because
cerimony ceremony
massachussetts massachusetts
taxanomy taxonomy
countires countries
graet great
rennovation renovation
exagerate exaggerate
mispelling misspelling
medievel medieval
distingishing distinguishing
insectiverous insectivorous
belive believe
substract subtract
furuther further
televsion television
origional original
quantaty quantity
commiting committing
idealogy ideology
diea idea die
annointed anointed
agreemnt agreement
scavanged scavenged
recuring recurring
manufacturedd manufactured
sudent student
spects aspects expects
revaluated reevaluated
recide reside
decideable decidable
surrouded surrounded
sepulchure sepulchre sepulcher
embarassment embarrassment
uncontitutional unconstitutional
exagerrating exaggerating
collegues colleagues
aslo also
begginers beginners
deteriate deteriorate
dimentional dimensional
pessiary pessary
componant component
adresable addressable
russina russian
prairy prairie
amking making
carachter character
hvaing having
vyer very
foundary foundry
peripathetic peripatetic
fransiscan franciscan
coudl could cloud
swaers swears
portugese portuguese
definate definite
tounge tongue
absolutly absolutely
yaer year
apropriate appropriate
atribute attribute
essentialy essentially
hierarcy hierarchy
divinition divination
technnology technology
acustommed accustomed
managable manageable manageably
obssessed obsessed
effeciently efficiently
skateing skating
demorcracy democracy
enteratinment entertainment
approxiately approximately
suplimented supplemented
misterious mysterious
divice device
precice precise
occurrance occurrence
sturcture structure
millenia millennia
misile missile
exerpt excerpt
correposding corresponding
beseiged besieged
publissher publisher
santioned sanctioned
automibile automobile
mediterainnean mediterranean
adressable addressable
persistance persistence
charactersistic characteristic
turnk turnkey trunk
holliday holiday
hydropobic hydrophobic
consiciousness consciousness
agricuture agriculture
gropu group
petetion petition
theives thieves
amatuer amateur
unkown unknown
hvea have heave
vermillion vermilion
senarios scenarios
masterbation masturbation
disagreeed disagreed
publiser publisher
formelly formerly
xenophoby xenophobia
bakc back
sepina subpoena
briliant brilliant
dardenelles dardanelles
impedence impedance
interbread interbreed interbred
explictly explicitly
paralell parallel
exressed expressed
satelite satellite
howver however
shiped shipped
clera clear sclera
aforememtioned aforementioned
supose suppose
challanged challenged
exerbate exacerbate
alwasy always
toubles troubles
averageed averaged
adressed addressed
stainlees stainless
cheifs chiefs
acceptible acceptable
preferrably preferably
posessions possessions
constuction construction
fouth fourth
extered exerted
thge the
stomache stomach
occaison occasion
critisizing criticising criticizing
archetects architects
peloponnes peloponnesus
corridoors corridors
alligned aligned
imaginery imaginary imagery
privledge privilege
relected reelected
wherease whereas
discribe describe
antiapartheid anti-apartheid
challange challenge
enthusiatic enthusiastic
dissappointed disappointed
quicklyu quickly
affilate affiliate
criterias criteria
vreity variety
hwihc which
lastr last
apprearance appearance
premeire premiere
misdameanor misdemeanor
recipiant recipient
tuscon tucson
determinining determining
provinicial provincial
distrubution distribution
immediatly immediately
desoriented disoriented
nmae name
hwole whole
repectively respectively
hydropobe hydrophobe
orignially originally
controvertial controversial
probaly probably
andd and
hinderence hindrance
substancial substantial
immidiately immediately
poltical political
munnicipality municipality
illegitmate illegitimate
tendacy tendency
circumsicion circumcision
sneeks sneaks
thru through
immitate imitate
rewitten rewritten
volontary voluntary
contibute contribute
varient variant
efford effort afford
cannonical canonical
intergrated integrated
accomadation accommodation
inseperable inseparable
affort afford effort
corrisponding corresponding
alusion allusion illusion
substraction subtraction
prologomena prolegomena
reorganision reorganisation
begginer beginner
pumkin pumpkin
gaurentee guarantee
ahve have
brethen brethren
ytou you
descripton description
apparant apparent
speach speech
noveau nouveau
aircrafts aircraft
misteryous mysterious
insitutions institutions
responnsibilty responsibility
compatiable compatible
enxt next
performes performed performs
rebllions rebellions
provded provided
publishher publisher
accordian accordion
paitience patience
critereon criterion
colaborations collaborations
glamourous glamorous
imigrant emigrant immigrant
algebraical algebraic
tradtionally traditionally
asociated associated
gurantee guarantee
formallize formalize
fourty forty
suceeds succeeds
coform conform
sevice service
reprtoire repertoire
yeras years
refridgerator refrigerator
territoy territory
saterdays saturdays
reedeming redeeming
convienient convenient
orginal original
philosphies philosophies
noncombatents noncombatants
continous continuous
porshon portion
inflamation inflammation
therby thereby
thrid third
succesion succession
centruy century
warrent warrant
inctroduce introduce
stingent stringent
wereabouts whereabouts
parralel parallel
libitarianisn libertarianism
harrasing harassing
acadmic academic
materalists materialist
effecient efficient
dispicable despicable
terriory territory
rarified rarefied
libguistic linguistic
armistace armistice
aicraft aircraft
interferance interference
ocassionally occasionally
responibilities responsibilities
coridal cordial
excellance excellence
appartment apartment
immitating imitating
bigining beginning
monestaries monasteries
comiting committing
simplier simpler
surrepetitiously surreptitiously
universtiy university
vasall vassal
contians contains
piblisher publisher
referenece reference
konw know
tempaltes templates
dravadian dravidian
contamporaries contemporaries
buddah buddha
addres address adders
lieing lying
unneccessarily unnecessarily
arrangments arrangements
busness business
inproving improving
twelth twelfth
casuing causing
ninteenth nineteenth
millon million
durring during
persan person
awared awarded
accesories accessories
halp help
caluculate calculate
muncipalities municipalities
unfortunatley unfortunately
johanine johannine
gnawwed gnawed
addopted adopted
civillian civilian
kwno know
ammended amended
tommorrow tomorrow
statment statement
interrugum interregnum
corparate corporate
entitlied entitled
representive representative
resteraunt restaurant
melieux milieux
accomodation accommodation
headquaters headquarters
develpment development
publishre publisher
ahppen happen
communites communities
recogize recognize
dispite despite
contendor contender
agreing agreeing
brimestone brimstone
oustanding outstanding
centruies centuries
availble available
homestate home state
abilties abilities
proceding proceeding preceding
agin again
adres address
testiclular testicular
candadate candidate
preiod period
devistating devastating
lippizaner lipizzaner
convential conventional
adquiring acquiring
bouyant buoyant
cerimonies ceremonies
containes contains
sucessfull successful
nutritent nutrient
recived received
indipendent independent
doulbe double
strenghen strengthen
sucessfuly successfully
archaelogy archaeology
lavae larvae
tepmorarily temporarily
imploys employs
sorrounding surrounding
tyranies tyrannies
retalitated retaliated
extrordinarily extraordinarily
peoms poems
annointing anointing
volonteered volunteered
adventrous adventurous
greif grief
ocasionally occasionally
acording according
shoudln should shouldn't
attributred attributed
addtional additional
godess goddess
tomatos tomatoes
tobbaco tobacco
prefered preferred
arangement arrangement
poeoples peoples
wendsay wednesday
coorperations corporations
peotry poetry
transformaton transformation
resssurecting resurrecting
technolgy technology
primatively primitively
caperbility capability
univesity university
enviromentalist environmentalist
engieneer engineer
yuo you
shorly shortly
dissappears disappears
carnege carnage carnegie
souveniers souvenirs
supresses suppresses
somene someone
commedic comedic
quantitiy quantity
runnung running
shadoloo shadaloo
scientifc scientific
challege challenge
ensconsed ensconced
infilitrate infiltrate
supressed suppressed
exoskelaton exoskeleton
resaurant restaurant
juristictions jurisdictions
creche crèche
hesistant hesitant
analogeous analogous
sucessive successive
cannnot cannot
forhead forehead
embezelled embezzled
ecclectic eclectic
aboutit about it
habaeus habeas
youself yourself
aboutthe about the
proseletyzing proselytizing
professer professor
formaly formally formerly
definitly definitely
foucs focus
negociation negotiation
architechturally architecturally
independant independent
institue institute
useage usage
refereneces references
cornmitted committed
symetrically symmetrically
reccuring recurring
toriodal toroidal
caterpiller caterpillar
refereces references
arround around
appearence appearance
occurence occurrence
accomadate accommodate
lieved lived
beseige besiege
refusla refusal
abreviated abbreviated
possiblities possibilities
harrassed harassed
adquired acquired
grammer grammar
tendancy tendency
optmizations optimizations
stornegst strongest
profesor professor
admitedly admittedly
unsuprizingly unsurprisingly
satric satiric
seperating separating
assymetric asymmetric
distructive destructive
thigsn things
contritutions contributions
reguarly regularly
culiminating culminating
doign doing
disasterous disastrous
clincial clinical
towrad toward
steriods steroids
privelige privilege
movment movement
encouraing encouraging
contempory contemporary
perjery perjury
allegedy allegedly
unecessary unnecessary
enourmous enormous
dimenions dimensions
abritrary arbitrary
typicaly typically
apperances appearances
omniverous omnivorous
heared heard
heridity heredity
millepede millipede
ukranian ukrainian
predecesors predecessors
futhroc futhark futhorc
harrasses harassed
proximty proximity
preperations preparations
potrayed portrayed
blitzkreig blitzkrieg
varity variety
asside aside
foundland newfoundland
ganster gangster
similiar similar
rococco rococo
strengtened strengthened
bedore before
infinit infinite
spectauclar spectacular
driectly directly
independance independence
oppossed opposed
cartrige cartridge
undesireable undesirable
revolutionar revolutionary
techicians technicians
cognizent cognizant
comited committed
hstory history
officialy officially
sionist zionist
refridgeration refrigeration
mischeivous mischievous
definatly definitely
thsi this
exliled exiled
peice piece
uneccesary unnecessary
abundancies abundances
occurances occurrences
gaurantee guarantee
achive achieve archive
sohw show
sattelite satellite
signifigantly significantly
hipopotamus hippopotamus
presense presence
plausable plausible
anwsered answered
parrallelly parallelly
spoace space
omision omission
consideres considered
exchanching exchanging
humoural humoral
suroundings surroundings
hierachies hierarchies
commericially commercially
pased passed
conserned concerned
asorbed absorbed
regulaion regulation
attrocities atrocities
collegue colleague
progidy prodigy
recomended recommended
restauration restoration
aggaravates aggravates
foward forward
oponent opponent
delerious delirious
permissable permissible
seldomly seldom
volonteering volunteering
emporer emperor
endevour endeavour
efficently efficiently
pharoah pharaoh
souvenier souvenir
sufficent sufficient
exellent excellent
disobediance disobedience
posthomous posthumous
recontructed reconstructed
prouncements pronouncements
caluclate calculate
beggins begins
competant competent
consumate consummate
nontheless nonetheless
whihc which
occassioned occasioned
mosture moisture
practicioners practitioners
basicaly basically
muncipality municipality
sicne since
optomism optimism
catagory category
mileu milieu
premeired premiered
coordiantion coordination
flourishment flourishing
brasillian brazilian
investingate investigate
publisherr publisher
progrom pogrom program
excange exchange
anomolous anomalous
cemetaries cemeteries
compeitions competitions
cincinatti cincinnati
blessure blessing
ocurred occurred
surpressed suppressed
doccuments documents
predomiantly predominately
critisize criticise criticize
gracefull graceful
formalhaut fomalhaut
cassawory cassowary
entrepeneur entrepreneur
transcendentational transcendental
curch church
exicting exciting
aledges alleges
octohedron octahedron
incorportaed incorporated
decidely decidedly
surrouding surrounding
exeptional exceptional
threatning threatening
muhammadan muslim
equivelant equivalent
resistent resistant
lonley lonely
acquiantences acquaintances
comissioning commissioning
publicher publisher
refect reflect
aledged alleged
cartilege cartilage
capible capable
alchoholic alcoholic
familes families
favoutrable favourable
refrences references
betwen between
peformed performed
thikn think
dipthong diphthong
infallable infallible
unihabited uninhabited
recrod record
decison decision
cathlic catholic
scholarhip scholarship
experianced experienced
compensantion compensation
signifigant significant
saxaphone saxophone
contemporaneus contemporaneous
sterotypes stereotypes
lsat last
proclaming proclaiming
moreso more more so
weild wield wild
descision decision
headquater headquarter
enviorment environment
inadiquate inadequate
decompositing decomposing
uncertainity uncertainty
hemmorhage hemorrhage
colelctive collective
informtion information
likelyhood likelihood
considerd considered
conected connected
pyscic psychic
sideral sidereal
importamt important
occuring occurring
succeded succeeded
repblicans republicans
comparitive comparative
captued captured
dissappear disappear
excecutes executes
soliders soldiers
vigilence vigilance
requred required
receeding receding
wiew view
authorithy authority
eiter either
succesful successful
rockerfeller rockefeller
nickle nickel
curriculem curriculum
casue cause
excecuted executed
fomed formed
inudstry industry
rennovated renovated
tormenters tormentors
motiviated motivated
vailidty validity
amunition ammunition
electrial electrical
rebounce rebound
intelectual intellectual
ecomonic economic
scientfic scientific
reproducable reproducible
rudimentatry rudimentary
decendant descendant
tyrranies tyrannies
consituency constituency
creedence credence
disolved dissolved
principlaity principality
intenational international
restarant restaurant
disapeared disappeared
yatch yacht
rebiulding rebuilding
galations galatians
proclomation proclamation
tkae take
sponsered sponsored
resturant restaurant
extravagent extravagant
incoroporated incorporated
populer popular
seperatism separatism
slowy slowly
sophmore sophomore
indutrial industrial
reconnaisance reconnaissance
aquiantance acquaintance
eceonomy economy
beneficary beneficiary
densly densely
atributes attributes
triguered triggered
cleareance clearance
vengance vengeance
inctroduced introduced
funguses fungi
qutie quite quiet
guerrila guerrilla
pseudononymous pseudonymous
exludes excludes
loosing losing
experiance experience
minature miniature
asfar as far
atributed attributed
stilus stylus
spriritual spiritual
avilable available
abundacies abundances
sence sense since
wrok work
iritated irritated
parrallel parallel
ppublisher publisher
requirment requirement
anbd and
additonally additionally
elphant elephant
multipled multiplied
execising exercising
subconsiously subconsciously
responisble responsible
protaganist protagonist
crticised criticised
embarrased embarrassed
parrakeets parakeets
extentions extensions
bussiness business
contibuted contributed
phenomonenon phenomenon
adresing addressing
homogeneized homogenized
comander commander commandeer
constinually continually
inbetween between
contibutes contributes
reconaissance reconnaissance
disapointing disappointing
plantiff plaintiff
asssassans assassins
proffesed professed
equilibium equilibrium
alltogether altogether
reffered referred
dimesnional dimensional
chariman chairman
gauranteed guaranteed
reoccurrence recurrence
controvercial controversial
irresistable irresistible
proclamed proclaimed
sufferring suffering
definiton definition
halarious hilarious
gaurantees guarantees
probabilaty probability
authobiography autobiography
tust trust
noteable notable
irresistably irresistibly
confidental confidential
strikely strikingly
pertubations perturbations
divisons divisions
govormental governmental
wokring working
indisputible indisputable
indentical identical
accussed accused
dispostion disposition
clasical classical
privalege privilege
becomeing becoming
inofficial unofficial
hyjacking hijacking
claerly clearly
villification vilification
instuction instruction
indisputibly indisputably
identifers identifiers
similiarly similarly
harrassing harassing
ninty ninety
strenous strenuous
bouyancy buoyancy
agreeement agreement
hieght height
unsucessfull unsuccessful
reccomend recommend
sixtin sistine
hitsingles hit singles
drnik drink
appropraite appropriate
choclate chocolate
hertzs hertz
progroms pogroms programs
indipendence independence
epsiode episode
pedestrain pedestrian
absense absence
ingreediants ingredients
comission commission
wholy wholly holy
philisophical philosophical
offically officially
worls world
atorney attorney
ressemblence resemblance
mounth month
propotions proportions
propper proper
essense essence
equialent equivalent
whta what
acomplishments accomplishments
medacine medicine
beggin begin begging
usualy usually
polinator pollinator
througout throughout
transcripting transcribing transcription
soverignity sovereignty
excedded exceeded
afficianados aficionados
everytime every time
preliferation proliferation
lmits limits
hydogen hydrogen
commemmorate commemorate
symetrical symmetrical
captial capital
anarchim anarchism
clas class
addresing addressing
yrea year
orded ordered
neigbours neighbours neighbors
suprise surprise
recidents residents
consious conscious
whcih which
syncronization synchronization
noticably noticeably
idiosyncracy idiosyncrasy
tatoo tattoo
hertiage heritage
verfication verification
probablly probably
labatory lavatory laboratory
bonnano bonanno
incompetant incompetent
reptition repetition
unitesstates unitedstates
existince existence
monserrat montserrat
morisette morissette
beleagured beleaguered
accademy academy
definit definite
overthere over there
literaly literally
flourescent fluorescent
careing caring
dreasm dreams
partialy partially
procedes proceeds precedes
correcters correctors
saftey safety
supressing suppressing
surreptiously surreptitiously
seing seeing
lvoe love
intrusted entrusted
neccessary necessary
collonade colonnade
abilityes abilities
gramatically grammatically
maintainence maintenance
carcas carcass caracas
crockodiles crocodiles
embarassing embarrassing
pantomine pantomime
stong strong
extraterrestials extraterrestrials
onot note not
eratically erratically
awya away
portraing portraying
renewl renewal
aniversary anniversary
refference reference
occationally occasionally
valetta valletta
cententenial centennial
sinse sines since
aquaduct aqueduct
arogent arrogant
wardobe wardrobe
controveries controversies
maintainance maintenance
asthetic aesthetic
backrounds backgrounds
unplesant unpleasant
alliviate alleviate
slippy slippery
desitned destined
omlette omelette
referrence reference
permenantly permanently
suposing supposing
fertily fertility
mariage marriage
healthercare healthcare
posion poison
ommited omitted
wnats wants
beaurocratic bureaucratic
artifically artificially
eratic erratic
aberation aberration
theri their
malcom malcolm
prooved proved
suceeded succeeded
opthamologist ophthalmologist
perhpas perhaps
volumne volume
volounteers volunteers
referemce reference
publihser publisher
surviver survivor
curcuit circuit
contaiminate contaminate
ealier earlier
inadvertant inadvertent
layed laid
catapiller caterpillar
gardai gardaí
acquaintences acquaintances
obstacal obstacle
metalic metallic
collosal colossal
wholey wholly
millenial millennial
witn with
tolkein tolkien
chalenging challenging
sepulcre sepulchre sepulcher
assoicate associate
lukid likud
toghether together
extermist extremist
instade instead
hounour honour
primarly primarily
indigineous indigenous
postive positive
unmanouverable unmaneuverable unmanoeuvrable
mailny mainly
resteraunts restaurants
promotted promoted
referiang referring
colonizators colonizers
agred agreed
tghe the
higway highway
harasment harassment
maneouvring manoeuvring
compitent competent
peacefuland peaceful and
authoritiers authorities
interchangably interchangeably
reknown renown
agriculure agriculture
surveilence surveillance
forsaw foresaw
acheivement achievement
interchangable interchangeable
ocurr occur
largst largest
creaeted created
survivers survivors
hasnt hasn't
pary party
minstry ministry
conjuction conjunction
univerity university
rythmic rhythmic
commandoes commandos
peristent persistent
costitution constitution
mischievious mischievous
essesital essential
proccessing processing
housr hours house
recieving receiving
triology trilogy
enviornmentalist environmentalist
elementay elementary
cartilidge cartilage
consitutional constitutional
meterology meteorology
possable possible
mkea make
commisions commissions
refrers refers
reccommend recommend
alledge allege
millioniare millionaire
artillary artillery
governer governor
documenatry documentary
finaly finally
haviest heaviest
engeneer engineer
restraunt restraint restaurant
lonly lonely only
beastiality bestiality
eminate emanate
penninsula peninsula
symmetral symmetric
assoicated associated
particuarly particularly
indefineable undefinable
mamal mammal
ecidious deciduous
resignement resignment
siezing seizing sizing
stange strange
assoicates associates
miltary military
aparment apartment
phenomonon phenomenon
amerliorate ameliorate
aquainted acquainted
rela real
diminuitive diminutive
compulsary compulsory
palistian palestinian
monts months
inaugures inaugurates
doccumented documented
studing studying
achievment achievement
scandanavia scandinavia
denegrating denigrating
tennisplayer tennis player
intepretator interpretor
incidentially incidentally
nestin nesting
thyat that
alomst almost
aiport airport
artice article
daugher daughter
arbitary arbitrary
disproportiate disproportionate
signifantly significantly
screenwrighter screenwriter
siezures seizures
republi republic
conciousness consciousness
pblisher publisher
portayed portrayed
immitator imitator
acordingly accordingly
intrument instrument
puritannical puritanical
breif brief
hillarious hilarious
montanous mountainous
archiac archaic
tourch torch touch
dammage damage
soley solely
hypocrit hypocrite
coururier courier couturier
insistance insistence
conveinent convenient
impressario impresario
unconfortability discomfort
unlikey unlikely
admissability admissibility
cemetarey cemetery
presumibly presumably
abreviate abbreviate
althought although
acheivements achievements
vaieties varieties
devided divided
alcholic alcoholic
sergent sergeant
interrim interim
peom poem
receeded receded
copmetitors competitors
teh the
descripters descriptors
knifes knives
fianite finite
exagerrated exaggerated
incorprates incorporates
repulics republics
hsitorians historians
throughly thoroughly
exagerrates exaggerates
swiming swimming
playwrites playwrights
reccommending recommending
unilatreal unilateral
appropiate appropriate
storise stories
repblic republic
unuseable unusable
poluted polluted
terrestial terrestrial
instutions intuitions
archetecture architecture
gottleib gottlieb
adhearing adhering
polutes pollutes
ancilliary ancillary
sacrifical sacrificial
mutiliated mutilated
concider consider
enviormental environmental
excecution execution
cacuses caucuses
extention extension
sucidial suicidal
algoritms algorithms
traditionaly traditionally
sypmtoms symptoms
equalibrium equilibrium
athiest atheist
perheaps perhaps
restaraunteur restaurateur
attendence attendance
athiesm atheism
cpoy coy copy
publisheed published
issueing issuing
reminent remnant
soliliquy soliloquy
carribean caribbean
reigining reigning
amoung among
comisioning commissioning
surpress suppress
availible available
religously religiously
readmition readmission
refernce reference references
ansestors ancestors
fianlly finally
occassionally occasionally
divison division
enlargments enlargements
unsuprising unsurprising
moderm modem
appealling appealing appalling
ansalization nasalization
ammendments amendments
intervines intervenes
corosion corrosion
repentent repentant
acheive achieve
diphtongs diphthongs
improvision improvisation
yera year
dimention dimension
smae same
mercentile mercantile
suprassing surpassing
swaer swear
emmediately immediately
lefted left
inefficienty inefficiently
dificulties difficulties
firts flirts first
surrepetitious surreptitious
decribe describe
internation international
demostration demonstration
equelibrium equilibrium
consolodate consolidate
follwoing following
livley lively
tehy they
strenght strength
sensure censure
extradiction extradition
reacing reaching
proceedure procedure
colateral collateral
acuracy accuracy
mathamatics mathematics
monestary monastery monetary
sould could should sold soul
concieved conceived
diamons diamonds
dessicated desiccated
heroe hero
relized realised realized
unneccessary unnecessary
obstancles obstacles
rucuperate recuperate
aginst against
manisfestations manifestations
jorunal journal
incramentally incrementally
critized criticized
fufilled fulfilled
consistantly consistently
rougly roughly
terroist terrorist
portugues portuguese
conservitive conservative
infectuous infectious
delapidated dilapidated
claerer clearer
conqured conquered
territorist terrorist
judisuary judiciary
inaccessable inaccessible
yeasr years
herad heard hera
agianst against
decendants descendants
competion competition completion
valueable valuable
potatos potatoes
necesary necessary
carthographer cartographer
emmited emitted
accomadations accommodations
agrieved aggrieved
carnige carnage carnegie
praries prairies
calulated calculated
catapillar caterpillar
subsquently subsequently
sacrafice sacrifice
suprising surprising
discribing describing
spainish spanish
multicultralism multiculturalism
boook book
exapansion expansion
seperately separately
hatian haitian
calulater calculator
upto up to
oppononent opponent
rythyms rhythms
conviced convinced
florescent fluorescent
authoritive authoritative
diety deity
idealogies ideologies
pomegranite pomegranate
arbitarily arbitrarily
aproximate approximate
pensinula peninsula
recievers receivers
benifits benefits
indictement indictment
phylosophical philosophical
againnst against
nutritents nutrients
seceeded succeeded seceded
similiarity similarity
inagurated inaugurated
spectaulars spectaculars
referrs refers
throrough thorough
recivership receivership
ammendment amendment
peaple people
sucessot successor
ghandi gandhi
eyasr years eyas
inpending impending
charistics characteristics
mischevious mischievous
collonies colonies
helment helmet
liekd liked
unequalities inequalities
undetecable undetectable
manouverable maneuverable manoeuvrable
isnt isn't
ceratin certain keratin
stirrs stirs
accidentaly accidentally
rechargable rechargeable
accordeon accordion
sucesses successes
dieing dying dyeing
eahc each
suburburban suburban
surprized surprised
wresters wrestlers
accompanyed accompanied
reliablity reliability
formost foremost
dosen't doesn't
alsot also
thna than
neigbour neighbour neighbor
heros heroes
thne then
incredable incredible
responsability responsibility
wass was
immitated imitated
iresistable irresistible
unanymous unanimous
noteably notably
communiation communication
tremelo tremolo
forbiden forbidden
eminated emanated
popularaty popularity
delevopment development
prinicipal principal
hapen happen
rininging ringing
iresistably irresistibly
achived achieved archived
rference reference
manuever maneuver manoeuvre
sofware software
disemination dissemination
avengence a vengeance
represantative representative
negligable negligible
permanant permanent
payed paid
papanicalou papanicolaou
threatend threatened
androgenous androgynous
disricts districts
embarass embarrass
hindrence hindrance
genialia genitalia
docrines doctrines
ganes games
ressembled resembled
addionally additionally
surprize surprise
neccesarily necessarily
suspention suspension
launchs launch launches
strenghtened strengthened
deliberatly deliberately
beleif belief
automonomous autonomous
intruments instruments
numberous numerous
ubiquitious ubiquitous
anthropolgist anthropologist
missen mizzen
transending transcending
enviormentally environmentally
catagorized categorized
completedthe completed the
suop soup
trafficing trafficking
muscels mussels muscles
targetted targeted
occurr occur
asetic ascetic
scaricity scarcity
dirived derived
proove prove
earnt earned
disover discover
poverful powerful
perhasp perhaps
influencial influential
rised raised rose
disctinctive distinctive
signficant significant
coctail cocktail
commuinications communications
decomposited decomposed
catagories categories
pinapple pineapple
avation aviation
iresistibly irresistibly
polysaccaride polysaccharide
feasable feasible
availiable available
gaurd guard gourd
taht that
essentual essential
busineses business businesses
aproval approval
comando commando
additonal additional
iresistible irresistible
shamen shaman shamans
allopones allophones
caculater calculator
oppositition opposition
attendent attendant
frome from
simmilar similar
whereever wherever
grwo grow
emprisoned imprisoned
expiditions expeditions
inevitible inevitable
possesing possessing
acceptence acceptance
virutal virtual
realtions relations
eurpean european
unforetunately unfortunately
proprietory proprietary
tath that
offcially officially
succesfuly successfully
campain campaign
unprecidented unprecedented
impecabbly impeccably
gameboy game boy
suprizing surprising
aeriels aerials
dowloads downloads
compatablity compatibility
successully successfully
rythim rhythm
infered inferred
govorment government
norhern northern
decribing describing
excell excel
applicaitons applications
illiegal illegal
pronounched pronounced
scaleable scalable
attitide attitude
intutively intuitively
recieved received
profilic prolific
neolitic neolithic
misfourtunes misfortunes
persuing pursuing
queenland queensland
playright playwright
montnana montana
deparment department
knive knife
abundunt abundant
concidering considering
receving receiving
substracting subtracting
endevors endeavors
premission permission
prophacy prophecy
acquaintence acquaintance
orginally originally
consonent consonant
cerimonial ceremonial
exampt exempt
persuded persuaded
jsut just
wasnt wasn't
stradegies strategies
carnigie carnegie
protrayed portrayed
arrangment arrangement
architechture architecture
medeival medieval
basicly basically
compatiblities compatibilities
ackward awkward backward
emiting emitting
polical political
negociations negotiations
agression aggression
demographical demographic
controvery controversy
imagin imagine
emmisions emissions
rferences references
eyars years eyas
prepartion preparation
devasted devastated
acknowldeged acknowledged
performence performance
puplisher publisher
severly severely
alse else
absorbtion absorption
watn want
phenomenonal phenomenal
artcile article
perfomance performance
unviersity university
succsessfull successful
constanly constantly
paide paid
diversed diverse diverged
consectutive consecutive
correponding corresponding
philipines philippines
authobiographic autobiographic
nusance nuisance
diferent different
dissobedient disobedient
continueing continuing
acheivments achievements
passerbys passersby
europians europeans
perphas perhaps
mythraic mithraic
gallaxies galaxies
inlcuding including
procede proceed precede
cumulatative cumulative
parellels parallels
exerternal external
shreak shriek
iritable irritable
arrengements arrangements
allegience allegiance
libguistics linguistics
eearly early
traditionnal traditional
examinated examined
scince science
tjpanishad upanishad
commericial commercial
consumated consummated
maintinaing maintaining
knwo know
phenomenom phenomenon
iconclastic iconoclastic
eurpoean european
futhermore furthermore
phongraph phonograph
admendment amendment
reportadly reportedly
banruptcy bankruptcy
wehn when
broadacasting broadcasting
statememts statements
reconcilation reconciliation
architecht architect
everyting everything
stuggling struggling
surveyer surveyor
marrage marriage
resturaunts restaurants
swepth swept
referece reference
tkaes takes
trustworthyness trustworthiness
programable programmable
milennium millennium
acccused accused
archaoelogy archeology archaeology
initally initially
guttaral guttural
reciepents recipients
villian villain
metalurgic metallurgic
achievments achievements
insurence insurance
maintenence maintenance
accomodated accommodated
godounov godunov
scinece science
proces process
pursuade persuade
inadvertantly inadvertently
accomodates accommodates
inspite in spite inspire
indpendently independently
indepedence independence
mediciney mediciny
fontrier fontier
occassional occasional
alchohol alcohol
posseses possesses
expeditonary expeditionary
millenium millennium
seperated separated
caracterized characterized
rythem rhythm
funtion function
promiscous promiscuous
dissapearing disappearing
annualy annually
caluclated calculated
seperates separates
conneticut connecticut
completetion completion
intergration integration
organiztion organization
condamned condemned
asteriod asteroid
ditributed distributed
dissapearance disappearance
controlls controls
uise use
practioners practitioners
secceeded seceded succeeded
moeny money
incompetance incompetence
vetween between
lonelyness loneliness
higest highest
refernces references
possiblility possibility
champange champagne
freindly friendly
geneologies genealogies
inevititably inevitably
metaphoricial metaphorical
ficticious fictitious
eveyr every
laguage language
unsurprized unsurprised
volounteer volunteer
laguages languages
amung among
transfered transferred
volonteer volunteer
vigourous vigorous
strenghten strengthen
torpeados torpedoes
teached taught
ressemblance resemblance
juducial judicial
changable changeable
somwhere somewhere
anomoly anomaly
enlargment enlargement
conditionsof conditions of
reacll recall
archetect architect
radiactive radioactive
volounteered volunteered
resturaunt restaurant
acustom accustom
myraid myriad
weilded wielded
adressing addressing dressing
brillant brilliant
fullfill fulfill
emnity enmity
dimentions dimensions
enviornmentally environmentally
adminstrate administrate
alot a lot allot
androgeny androgyny
accomodations accommodations
computarized computerized
phillipines philippines
probalibity probability
strenghtening strengthening
complier compiler
commemerative commemorative
suseptible susceptible
duting during
seperatist separatist
incompatabilities incompatibilities
quinessential quintessential
admininistrative administrative
antartic antarctic
provacative provocative
postdam potsdam
dum dumb
calculs calculus
opressive oppressive
devels delves
transcendance transcendence
sophicated sophisticated
politican politician
acheived achieved
incompatability incompatibility
inaguration inauguration
buisness business
equivlalent equivalent
charasmatic charismatic
portait portrait
cannotation connotation
acheives achieves
napolean napoleon
indefinitly indefinitely
exculsivly exclusively
tornadoe tornado
litterally literally
refered referred
shaddow shadow
devestated devastated
draughtman draughtsman
alegience allegiance
feromone pheromone
electricty electricity
beachead beachhead
gutteral guttural
infrigement infringement
notabley notably
recepients recipients
guiness guinness
committment commitment
plebicite plebiscite
acquiantence acquaintance
compatable compatible
wroking working
incomptable incompatible
adolecent adolescent
mohammedans muslims
unweildly unwieldy
openess openness
fleed fled freed
existance existence
preocupation preoccupation
negociate negotiate
accidently accidentally
streemlining streamlining
particularily particularly
additinally additionally
cementary cemetery
propostion proposition
defendents defendants
missisippi mississippi
expierence experience
emision emission
emmitting emitting
accomadates accommodates
comemoretion commemoration
vegitables vegetables
hosited hoisted
priestood priesthood
palistinians palestinians
reponsible responsible
aircrafts' aircraft's
primordal primordial
comissions commissions
rwite write
accomadated accommodated
repid rapid
regluar regular
miscellanous miscellaneous
paticular particular
alledges alleges
lisence license licence
burried buried
repblican republican
thta that
tothe to the
anohter another
synonymns synonyms
wnat want
alledged alleged
guarentee guarantee
inumerable enumerable innumerable
censur censor censure
disatrous disastrous
campains campaigns
vrey very
unnecesary unnecessary
dominiant dominant
suposed supposed
psuedo pseudo
inconsistant inconsistent
illess illness
writen written
faught fought
familliar familiar
blaim blame
empirial empirical imperial
imcomplete incomplete
phillipine philippine
prefering preferring
possesion possession
extraterrestial extraterrestrial
ultimely ultimately
intercontinetal intercontinental
ublisher publisher
diphtong diphthong
comminication communication
attension attention
critisising criticising
addresable addressable
addoptive adoptive
acedemic academic
ocurrence occurrence
suceeding succeeding
intercontinential intercontinental
catepillars caterpillars
possibilty possibility
ihaca ithaca
fortelling foretelling
soudn sound
pilgrimmages pilgrimages
critisisms criticisms
especialy especially
oposite opposite
jewllery jewellery
assertation assertion
distingished distinguished
disparingly disparagingly
garanteed guaranteed
ansalisation nasalisation
thnigs things
contian contain
configureable configurable
casulaties casualties
unrepentent unrepentant
remembrence remembrance
erally orally really
adbandon abandon
ganerate generate
elction election
secretery secretary
versitilaty versatility
heathy healthy
youseff yousef
releive relieve
suppliementing supplementing
seaches searches
jstu just
anonimity anonymity
hygeine hygiene
indite indict
stubborness stubbornness
seached searched
manuver maneuver
emition emission emotion
truely truly
wih with
auxillaries auxiliaries
catapillars caterpillars
primatives primitives
ommitted omitted
allign align
morrocco morocco
currenly currently
aleged alleged
altough although
translater translator
versitlity versatility
negotation negotiation
sufferred suffered
exmaple example
breakthough breakthrough
suprized surprised
coorperation cooperation corporation
austrailia australia
inherantly inherently
intented intended indented
debateable debatable
mathematican mathematician
virutally virtually
casulaty casualty
personnell personnel
succeds succeeds
wohle whole
addmission admission
littel little
annoints anoints
htis this
stucture structure
spontanous spontaneous
naturually naturally
markes marks
wensday wednesday
therafter thereafter
establising establishing
mispelled misspelled
mathematicas mathematics
demolision demolition
peculure peculiar
possessess possesses
marmelade marmalade
ocurrance occurrence
indulgue indulge
simultanous simultaneous
enchancement enhancement
inteligence intelligence
larg large
desgined designed
wnated wanted
uncompetive uncompetitive
accoustic acoustic
adecuate adequate
accelleration acceleration
intial initial
rhythem rhythm
prestigous prestigious
prominantly prominently
restarants restaurants
resistable resistible
prominately prominently predominately
centuties centuries
explaination explanation
paranthesis parenthesis
charaterized characterized
addional additional
aplied applied
fomr from form
exemple example
distruction destruction
buoancy buoyancy
aswell as well
deparments departments
candiate candidate
developped developed
vaguaries vagaries
immunosupressant immunosuppressant
broacasted broadcast
co-incided coincided
encylopedia encyclopedia
equivilent equivalent
completelyl completely
recepient recipient
sufficently sufficiently
prepatory preparatory
auxilary auxiliary
owudl would
resistence resistance
paralel parallel
meaninng meaning
liscense license licence
manufaturing manufacturing
reminscent reminiscent
occurrances occurrences
comdemnation condemnation
guaduloupe guadalupe guadeloupe
metalurgical metallurgical
russion russian
competative competitive
tiome time tome
commmemorated commemorated
ciricuit circuit
reciept receipt
marrtyred martyred
atheistical atheistic
opponant opponent
iwth with
descibed described
irreplacable irreplaceable
unoperational nonoperational
billingualism bilingualism
bcak back
temperment temperament
larrry larry
comback comeback
abscence absence
carreer career
eventhough even though
assasin assassin
commonweath commonwealth
syphyllis syphilis
includ include
agricultue agriculture
carmalite carmelite
propogation propagation
anyother any other
deffine define
manouvers maneuvers manoeuvres
volounteering volunteering
epidsodes episodes
mathmatician mathematician
nessecary necessary
eventally eventually
distiction distinction
todya today
decomposit decompose
suppy supply
contempoary contemporary
himselv himself
jeapardy jeopardy
embarassed embarrassed
peageant pageant
harassement harassment
planed planned
minerial mineral
peopel people
comandos commandos
restaraunt restaurant
unbeleivable unbelievable
desorder disorder
maltesian maltese
carefull careful
possition position
skagerak skagerrak
principly principally
originall original originally
vengence vengeance
noone no one
priviledge privilege
elicided elicited
technitian technician
troups troupes troops
relevent relevant
nkow know
perpertrated perpetrated
engieneers engineers
perjorative pejorative
comming coming
recquired required
satrically satirically
submachne submachine
equitorial equatorial
hapened happened
probelm problem
goign going
milennia millennia
damenor demeanor
supplamented supplemented
deside decide
carrers careers
ancestory ancestry
relatiopnship relationship
shopkeeepers shopkeepers
accross across
puertorricans puerto ricans
catterpillars caterpillars
incompatiblities incompatibilities
htink think
attemting attempting
hting thing
unchangable unchangeable
lazyness laziness
addresed addressed
excelent excellent
helpfull helpful
soverignty sovereignty
develope develop
ninties 1990s
beatiful beautiful
appereances appearances
incompatablity incompatibility
cannister canister
perfomers performers
repeition repetition
propietary proprietary
borke broke
sountrack soundtrack
unconvential unconventional
equivilant equivalent
subcatagories subcategories
propogate propagate
surronded surrounded
owrk work
speciallized specialised specialized
commuications communications
asthetically aesthetically
nuisanse nuisance
consdidered considered
towords towards
advertisment advertisement
proceded proceeded preceded
manufature manufacture
chemcially chemically
resevoir reservoir
inprisonment imprisonment
foundaries foundries
opprotunity opportunity
synonomous synonymous
apolegetics apologetics
evidentally evidently
necesarily necessarily
absorbsion absorption
pinnaple pineapple
previvous previous
differentiatiations differentiations
ommiting omitting
articel article
intrumental instrumental
essencial essential
neigborhood neighborhood
governmnet government
garnison garrison
privelege privilege
aquired acquired
transistion transition
incuding including
admited admitted
incorruptable incorruptible
unforseen unforeseen
ilness illness
rhythim rhythm
violentce violence
racaus raucous
adequit adequate
cyclinder cylinder
agravate aggravate
donig doing
renedered rende
calaber caliber
agaisnt against
rememberable memorable
resturants restaurants
perenially perennially
unnecesarily unnecessarily
sacremento sacramento
asume assume
blaimed blamed
fulfiled fulfilled
happend happened
pleasent pleasant
originnally originally
linnaena linnaean
fundametal fundamental
refedendum referendum
freind friend
assasinate assassinate
levle level
percieved perceived
oftenly often
rendezous rendezvous
rigourous rigorous
enviromentally environmentally
mucuous mucous
northen northern
comany company
fullfilled fulfilled
mudering murdering
univesities universities
minsitry ministry
becomming becoming
adminstered administered
notwhithstanding notwithstanding
ocassions occasions
nowdays nowadays
alltime all-time
exonorate exonerate
tommorow tomorrow
particualr particular
initiaitive initiative
dissarray disarray
elimentary elementary
idaes ideas
sotyr satyr story
trancendent transcendent
inocence innocence
detailled detailed
unforgiveable unforgivable
wheras whereas
rennovate renovate
goverance governance
honory honorary
compatabilities compatibilities
incunabla incunabula
whic which
sucessful successful
verisons versions
suseptable susceptible
anounced announced
listners listeners
avalance avalanche
govermental governmental
sanhedrim sanhedrin
strenghened strengthened
continously continuously
disatisfied dissatisfied
munbers numbers
charactor character
amercia america
provicial provincial
neigbourhood neighbourhood
collony colony
consistant consistent
rememberance remembrance
inventer inventor
mkae make
transmissable transmissible
circulaton circulation
surplanted supplanted
practioner practitioner
noth north
incidently incidentally
miligram milligram
helpped helped
reminsicent reminiscent
anthropolgy anthropology
synagouge synagogue
dacquiri daiquiri
reccomendations recommendations
trancending transcending
decress decrees
despict depict
atain attain
sedereal sidereal
authorites authorities
quarantaine quarantine
maked marked made
dyas dryas
successfull successful
arival arrival
noticeing noticing
morrisette morissette
simpley simply
auxillary auxiliary
publiaher publisher
attemts attempts
archimedian archimedean
altho although
sheild shield
absailing abseiling
priveleged privileged
tempalte template
disenchanged disenchanted
govenment government
neice niece nice
comision commission
vincinity vicinity
temperarily temporarily
surley surly surely
desinations destinations
arund around
tempertaure temperature
quizes quizzes
defendent defendant
pregancies pregnancies
priveleges privileges
unneccesary unnecessary
britian britain
personel personnel personal
ministery ministry
competance competence
agressively aggressively
unoffical unofficial
occour occur
instatance instance
infomation information
inpeach impeach
uninterupted uninterrupted
sacreligious sacrilegious
remaing remaining
techician technician
irelevent irrelevant
allegedely allegedly
guadulupe guadalupe guadeloupe
personell personnel
presedential presidential
carryng carrying
corrisponded corresponded
indpendent independent
causalities casualties
medevial medieval
definance defiance
popoulation population
actualy actually
appartments apartments
preverse perverse
huminoid humanoid
unacompanied unaccompanied
wtih with
dispencing dispensing
ceasar caesar
involvment involvement
bemusemnt bemusement
varing varying
wiull will
apprieciate appreciate
whther whether
initation initiation
didnt didn't
fonetic phonetic
indipendently independently
reveiw review
meerkrat meerkat
collaberative collaborative
lisense license licence
publishor publisher
catterpillar caterpillar
deffensively defensively
allegely allegedly
thiunk think
oposition opposition
supposingly supposedly
anihilation annihilation
controversal controversial
beng being
abutts abuts
recogise recognise
gothenberg gothenburg
unavailible unavailable
ethose those ethos
persuit pursuit
constatn constant
asphyxation asphyxiation
telphony telephony
journied journeyed
repubics republics
exploititive exploitative
cheif chief
humerous humorous humerus
emmigrated emigrated immigrated
nucular nuclear
emmiting emitting
orgin origin organ
parliment parliament
variey variety
sucess success
crtical critical
journies journeys
moleclues molecules
widesread widespread
combusion combustion
predicitons predictions
invertibrates invertebrates
vaccum vacuum
benifit benefit
authorative authoritative
competiveness competitiveness
perpindicular perpendicular
symetry symmetry
arrengement arrangement
beligum belgium
conquerd conquered
vasalls vassals
concidered considered
obediance obedience
airbourne airborne
grammaticaly grammatically
phenonmena phenomena
fufill fulfill
parituclar particular
positon position positron
subsiduary subsidiary
polute pollute
archtype archetype
referemces references
stablility stability
liason liaison
assasinations assassinations
ilogical illogical
excecuting executing
tabacco tobacco
otehr other
mathmatically mathematically
acomplished accomplished
tranform transform
entrepeneurs entrepreneurs
aganist against
equippment equipment
intered interred interned
harrassment harassment
extremeophile extremophile
centuty century
penisula peninsula
lybia libya
exept except
commerical commercial
insensative insensitive
thoughout throughout
michagan michigan
appearences appearances
suprised surprised
beseiging besieging
ened need
itnroduced introduced
approxamately approximately
relpacement replacement
porshan portion
villify vilify
tyrany tyranny
purpotedly purportedly
consulant consultant
assymetrical asymmetrical
aproximately approximately
contined continued
grafitti graffiti
descendands descendants
settelement settlement
commisioning commissioning
opthalmology ophthalmology
appeareance appearance
harrassments harassments
seige siege
contraversy controversy
repblics republics
ocasionaly occasionally
disputandem disputandum
dicussed discussed
snese sneeze
representives representatives
sucesion succession
eletricity electricity
unchallengable unchallengeable
govement government
esle else
metamorphysis metamorphosis
similarily similarly
worstened worsened
consituencies constituencies
thikns thinks
corrisponds corresponds
comitting committing
preriod period
liquify liquefy
unsuprisingly unsurprisingly
beeing being
refering referring
withh with
annoint anoint
organistion organisation
ciriculum curriculum
powerfull powerful
avalable available
proffesion profession
expell expel
soudns sounds
doesnt doesn't
begginings beginnings
airporta airports
prarie prairie
haev have heave
philisophy philosophy
abudance abundance
beween between
unsucessfully unsuccessfully
offred offered
orignally originally
repubicans republicans
emminent eminent imminent
wordlwide worldwide
foreward foreword
poluting polluting
introdued introduced
feburary february
priviledges privileges
corrispondant correspondent
hierarcical hierarchical
leran learn
tendancies tendencies
surrundering surrendering
arguements arguments
knowlege knowledge
napoleonian napoleonic
deram dram dream
smealting smelting
harrased harassed
tiem time tim
cahracters characters
casion caisson
comisions commissions
volonteers volunteers
condemmed condemned
phenomenonly phenomenally
reccomending recommending
wich which witch
succesive successive
flamable flammable
harrases harasses
dispenced dispensed
exersize exercise
acused accused
meranda veranda miranda
dissapeared disappeared
emmisarries emissaries
entaglements entanglements
recipiants recipients
privilage privilege
imigrated emigrated immigrated
micoscopy microscopy
galatic galactic
retalitation retaliation
auxilliaries auxiliaries
ect etc
comittee committee
witht with
comitted committed
pennisula peninsula
wroet wrote
imediately immediately
compatability compatibility
safty safety
stiring stirring
theese these
govornment government
organim organism
realitvely relatively
acomplish accomplish
bellweather bellwether
caost coast
pubilsher publisher
busines business
exection execution
audeince audience
europian european
dramtic dramatic
intevene intervene
neccesary necessary
envrionments environments
unsuccessfull unsuccessful
decribed described
beggining beginning
extemely extremely
permenant permanent
sumary summary
diosese diocese
valuble valuable
decribes describes
dictionarys dictionaries
saught sought
wupport support
residental residential
engagment engagement
conection connection
maneouvre manoeuvre
pavillion pavilion
dissagreement disagreement
midwifes midwives
scuptures sculptures
repubican republican
constituant constituent
engeneering engineering
yementite yemenite yemeni
geneology genealogy
aprehensive apprehensive
noteriety notoriety
areodynamics aerodynamics
perosnality personality
childbird childbirth
adavanced advanced
witheld withheld
responsibilites responsibilities
testomony testimony
desintegrated disintegrated
enlish english enlist
chemicaly chemically
expatriot expatriate
mediteranean mediterranean
withing within
rhymme rhyme
referencs references
ocuntries countries
confortable comfortable
cataline catiline catalina
decendents descendants
millenialism millennialism
acadamy academy
applicaiton application
emmisaries emissaries
compability compatibility
conspiracys conspiracies
habeus habeas
financialy financially
diablical diabolical
pursuades persuades
illegimacy illegitimacy
symettric symmetric
developement development
surounding surrounding
recrational recreational
allopone allophone
oridinarily ordinarily
knowlegeable knowledgeable
northereastern northeastern
milion million
activites activities
appropropiate appropriate
opthalmic ophthalmic
moent moment
adquire acquire
condidtion condition
diferrent different
woudl would
liesure leisure
emperical empirical
fisionable fissionable
coucil council
consttruction construction
mackeral mackerel
peopels peoples
obession obsession
makse makes
carnagie carnegie
catterpilars caterpillars
whants wants
tihs this
ressembling resembling
dessigned designed
multiplers multipliers
precurser precursor
htey they
misdemenor misdemeanor
archeaologist archeologist archaeologist
enameld enameled
membranaphone membranophone
eleminated eliminated
descisions decisions
relaly really
whn when
repubic republic
afficionados aficionados
belligerant belligerent
catterpilar caterpillar
inheritence inheritance
haemorrage haemorrhage
suprisingly surprisingly
synphony symphony
zeebra zebra
structual structural
baout about bout
ideosyncratic idiosyncratic
phillippines philippines
availabe available
approximitely approximately
ocassion occasion
somtimes sometimes
abondoned abandoned
coincedentally coincidentally
oublisher publisher
amoungst amongst
belives believes beliefs
veyr very
fiel feel field file phial
baceause because
belived believed beloved
alwyas always
continential continental
correspondants correspondents
nonsence nonsense
comemmorates commemorates
sqaure square
consentrate concentrate
sovereignity sovereignty
clinicaly clinically
dominent dominant
sionists zionists
possiblilty possibility
priveliged privileged
coca cola coca-cola
distingish distinguish
thign thing
preample preamble
harased harassed
pbulisher publisher
naturaly naturally
encryptiion encryption
sargant sergeant
enviromental environmental
controvercy controversy
abotu about
fictious fictitious
ressemble resemble
destablized destabilized
unmistakeably unmistakably
commisioner commissioner
aisian asian
consciouness consciousness
sunglases sunglasses
sourth south
controll control
surreptious surreptitious
prespective perspective
undecideable undecidable
esitmated estimated
surprizingly surprisingly
becasue because
aircaft aircraft
commisioned commissioned
polysaccharid polysaccharide
archetectural architectural
buring burying burning burin during
religous religious
unrepetent unrepentant
wonderfull wonderful
parrallell parallel
liasons liaisons
conquerers conquerors
releses releases
acommodate accommodate
autor author
bandwith bandwidth
poweful powerful
reknowned renowned
parrallely parallelly
psycology psychology
protoganist protagonist
catergorized categorized
nazereth nazareth
processer processor
expeced expected
indespensable indispensable
accidant accident
comisioner commissioner
offical official
grat great
beleives believes
unconcious unconscious
agressor aggressor
abreviation abbreviation
beleived believed
befoer before
comisioned commissioned
socalism socialism
oxigen oxygen
vulnerablility vulnerability
reched reached
consdider consider
concieted conceited
detatched detached
parisitic parasitic
jaques jacques
succceeded succeeded
libary library
conserning concerning
carthagian carthaginian
procedings proceedings
immediatley immediately
exhalted exalted
relevence relevance
wayword wayward
apon upon apron
mccarthyst mccarthyist
labled labelled labeled
senstive sensitive
critisism criticism
deterioriating deteriorating
miliraty military
catholocism catholicism
undoubtely undoubtedly
addopt adopt
greatful grateful
seperation separation
dependancy dependency
techiniques techniques
pennyslvania pennsylvania
willk will
instutionalized institutionalized
infalability infallibility
convertion conversion
competitiion competition
paraphenalia paraphernalia
thikning thinking thickening
accredidation accreditation
dependance dependence
originially originally
consequeseces consequences
ocasional occasional
consitution constitution
broady broadly
conjecutre conjecture
infrantryman infantryman
tenacles tentacles
froniter frontier
commerorative commemorative
descuss discuss
lotharingen lothringen
olther other
conquerer conqueror
reconized recognized
montypic monotypic
committe committee
futher further
minumum minimum
naturely naturally
hyjack hijack
quitted quit
probablistic probabilistic
misdemenors misdemeanors
subpecies subspecies
unfourtunately unfortunately
humer humor humour
movei movie
modle model
succedded succeeded
desctruction destruction
correspondant correspondent
usally usually
beteen between
facilites facilities
dicovering discovering
yersa years
arguement argument
disiplined disciplined
indepedantly independently
abondons abandons
afair affair
withdrawl withdrawal withdraw
abondoning abandoning
understoon understood
occured occurred
suposes supposes
weaponary weaponry
assosication assassination
approproximate approximate
atempting attempting
agregates aggregates
paliamentarian parliamentarian
defintion definition
repetion repetition
fiercly fiercely
wille will
gratuitious gratuitous
appology apology
historicians historians
constituants constituents
massachussets massachusetts
consentrates concentrates
jouney journey
sherif sheriff
yeild yield
tje the
overshaddowed overshadowed
intrduced introduced
arised arose
headquatered headquartered
reveral reversal
liuke like
practicaly practically
progessed progressed
aranged arranged
conotations connotations
recomends recommends
distingquished distinguished
amke make
desigining designing
impliment implement
directoty directory
caterpillers caterpillars
becamae became
dipthongs diphthongs
hapening happening
lattitude latitude
comphrehensive comprehensive
hinderance hindrance
histocompatability histocompatibility
imprioned imprisoned
harrasments harassments
suphisticated sophisticated
adminstration administration
januray january
strat start strata
shadasloo shadaloo
claimes claims
repulic republic
auxilliary auxiliary
rennovating renovating
ocassionaly occasionally
opthalmologist ophthalmologist
propogates propagates
predicatble predictable
temprary temporary
maneouvres manoeuvres
capturd captured
begining beginning
critizing criticizing
hierachical hierarchical
interelated interrelated
exagerates exaggerates
prepair prepare
unusuable unusable
guranteed guaranteed
caligraphy calligraphy
exagerated exaggerated
excells excels
comparitively comparatively
fidn find
achivements achievements
desktiop desktop
expeiments experiments
gurantees guarantees
idesa ideas ides
dichtomy dichotomy
originaly originally
superceeded superseded
sargeant sergeant
repentence repentance
expells expels
definately definitely
presitgious prestigious
goverment government
plesant pleasant
speices species
majoroty majority
subcatagory subcategory
intially initially
spred spread
nightime nighttime
crystalisation crystallisation
aquisition acquisition
fiels feels fields files phials
sanctionning sanctioning
certian certain
argubly arguably
strenghening strengthening
inmigrant immigrant
greatfully gratefully
indefinately indefinitely
seceed succeed secede
dieties deities
restaraunteurs restaurateurs
assasined assassinated
derogitory derogatory
tyrrany tyranny
ommision omission
simultanously simultaneously
heirarchy hierarchy
unsuprised unsurprised
roomate roommate
rulle rule
missle missile
acknowledgeing acknowledging
momento memento
vacinity vicinity
casette cassette
archaelogical archaeological
flemmish flemish
conspiriator conspirator
loev love
hypocrasy hypocrisy
pensle pencil
stregth strength
sufferage suffrage
assisnate assassinate
effeciency efficiency
gridles griddles
churchs churches
surfce surface
particually particularly
exibitions exhibitions
enviornmental environmental
hierachy hierarchy
knwos knows
adn and
uninterruped uninterrupted
shoudl should
accomodate accommodate
polinators pollinators
muscicians musicians
fatc fact
comprable comparable
anouncement announcement
sattelites satellites
everthing everything
paralely parallelly
pucini puccini
legitmate legitimate
morroco morocco
theather theater
sytle style
proffesional professional
ironicly ironically
yearm year
mkaing making
warantee warranty
hypocricy hypocrisy
recident resident
ocassioned occasioned
suppoed supposed
remenicent reminiscent
recomending recommending
controling controlling
tremelos tremolos
advesary adversary
magisine magazine
reciding residing
resticted restricted
secratary secretary
unahppy unhappy
practicioner practitioner
bondary boundary
raelly really
assasination assassination
ahev have
detremental detrimental
substituded substituted
aggreement agreement
postion position
wierd weird
peaples peoples
persue pursue
thier their
independece independence
penatly penalty
constituional constitutional
amendmant amendment
matheticians mathematicians
suposedly supposedly
pertubation perturbation
tranformed transformed
improvments improvements
mistery mystery
mathmaticians mathematicians
accademic academic
flawess flawless
caterpilar caterpillar
crucifiction crucifixion
abilty ability
gauarana guaraná
temperture temperature
godesses goddesses
unsuprized unsurprised
relient reliant
reenforced reinforced
exerpts excerpts
poety poetry
imanent eminent imminent
fucntion function
toke took
cerimonious ceremonious
nullabour nullarbor
vegatarian vegetarian
htikn think
consept concept
pronomial pronominal
cmoputer computer
fedreally federally
diconnects disconnects
manouver maneuver manoeuvre
recuiting recruiting
facist fascist
playwrite playwright
commited committed
commitee committee
monickers monikers
jospeh joseph
accessable accessible
surprizing surprising
crutial crucial
charachter character
forseeable foreseeable
accomdate accommodate
descriibes describes
ressurect resurrect
aquiring acquiring
wokr work
sponzored sponsored
eventualy eventually
druming drumming
emblamatic emblematic
unoticeable unnoticeable
shiping shipping
rentors renters
apenines apennines apennines
lenght length
oportunity opportunity
privte private
aplication application
brittish british
bretheren brethren
practicly practically
puertorrican puerto rican
possably possibly
desireable desirable
inpenetrable impenetrable
lightyears light years
delusionally delusively
iunior junior
athenean athenian
esential essential
capetown cape town
stlye style
cambrige cambridge
longitudonal longitudinal
efficent efficient
tortise  tortoise
unneccesarily unnecessarily
whant want
persued pursued
unrepetant unrepentant
ommitting omitting
signficiant significant
reccomended recommended
protruberances protuberances
agian again
certainity certainty
alochol alcohol
psyhic psychic
fightings fighting
geometricians geometers
eleminating eliminating
pseudonyn pseudonym
communciation communication
respectivly respectively
harases harasses
subsidary subsidiary
dificulty difficulty
satisfactority satisfactorily
assasins assassins
emmisarry emissary
siginificant significant
tihkn think
sysmatically systematically
substace substance
guiseppe giuseppe
archictect architect
emmisary emissary
avaliable available
recordproducer record producer
stoyr story
emphaised emphasised
ammused amused
priciple principle
missisipi mississippi
bernouilli bernoulli
oppenly openly
hismelf himself
hvae have
unsucesful unsuccessful
attaindre attainder attained
mchanics mechanics
sasy says sassy
regularily regularly
hydropilic hydrophilic
circut circuit
saterday saturday
usefull useful
rhytmic rhythmic
mantained maintained
menally mentally
montains mountains
charachters characters
combinatins combinations
agains against
sppeches speeches
recomend recommend
femminist feminist
annuled annulled
soluable soluble
stateman statesman
annouced announced
critising criticising criticizing
rendevous rendezvous
mroe more
substracts subtracts
coputer computer
poportional proportional
alledgedly allegedly
exeedingly exceedingly
newletters newsletters
sucesfuly successfully
compulsery compulsory
allthough although
spreaded spread
intepretation interpretation
doens does
persistant persistent
harras harass
rewriet rewrite
enviroments environments
sieze seize size
shrinked shrunk
nuculear nuclear
sandwhich sandwich
copywrite copyright
miscelaneous miscellaneous
propperly properly
cxan cyan
consdiered considered
bankrupcy bankruptcy
reasearch research
alowing allowing
meterologist meteorologist
unsuccesfully unsuccessfully
exinct extinct
expropiated expropriated
omniverously omnivorously
pamplet pamphlet
disatisfaction dissatisfaction
anomolies anomalies
sudents students
muder murder
scirpt script
occassionaly occasionally
incompatiblity incompatibility
usefuly usefully
buddist buddhist
tradionally traditionally
magizine magazine
pinoneered pioneered