a à á â ã ä å ɑ а ạ ǎ ă ȧ ӓ ٨
b d lb ib ʙ Ь b̔" ɓ Б
c ϲ с ƈ ċ ć ç
d b cl dl di ԁ ժ ɗ đ
e é è ê ë ē ĕ ě ė е ẹ ę є ϵ ҽ
f Ϝ ƒ Ғ
g q ɢ ɡ Ԍ ġ ğ ց ǵ ģ
h lh ih һ հ Ꮒ н
i 1 l Ꭵ í ï ı ɩ ι ꙇ ǐ ĭ ¡
j ј ʝ ϳ ɉ
k lk ik lc κ ⲕ
l 1 i ɫ ł ١ ا
m n nn rn rr ṃ ᴍ м ɱ
n m r ń
o 0 Ο ο О о Օ ȯ ọ ỏ ơ ó ö ӧ ه ة
p ρ р ƿ Ϸ Þ
q g զ ԛ գ ʠ
r ʀ Г ᴦ ɼ ɽ
s Ⴝ Ꮪ ʂ ś ѕ
t τ т ţ
u μ υ Ս ս ц ᴜ ǔ ŭ ù ú û ü
v ѵ ν v̇
w vv ѡ ա ԝ
x х ҳ ẋ
y ʏ γ у Ү ý ÿ
z ʐ ż ź ᴢ
à a á â ä
â a à á ä
ä a à á â
æ ae a e
ç c ć č ҫ ϲ с
è e é ê ë
é e è ê ë
ê e é è ë
ë e é è ê
î i í ï
ï i í î
ô o ó ö
ö o ó ô
ù u ú û ü
û u ú ù ü
ü u ú ù û
ÿ y ý
œ oe o e
