francais français
cafe café
resume résumé
eleve élève
ecole école
equipe équipe
universite université
societe société
developpement développement
tres très
deja déjà
noel noël
hotel hôtel
creme crème
mere mère
pere père
surement sûrement
acceuil accueil
acceuillir accueillir
appeller appeler
rappeller rappeler
apparament apparemment
professionel professionnel
connection connexion
addresse adresse
occurence occurrence
interressant intéressant interessant
necessaire nécessaire
definitivement définitivement
independant indépendant
evidement évidemment evidemment
malgrés malgré malgre
personel personnel
organistation organisation
securite sécurité securite
competance compétence competence
connaisance connaissance
concurence concurrence
