0 zero
1 un premier
2 deux deuxieme
3 trois troisieme
4 quatre quatrieme
5 cinq cinquieme
6 six sixieme
7 sept septieme
8 huit huitieme
9 neuf neuvieme
10 dix dixieme
11 onze
12 douze
13 treize
14 quatorze
15 quinze
16 seize
17 dixsept
18 dixhuit
19 dixneuf
20 vingt
21 vingtetun
22 vingtdeux
23 vingttrois
24 vingtquatre
25 vingtcinq
26 vingtsix
27 vingtsept
28 vingthuit
29 vingtneuf
30 trente
40 quarante
50 cinquante
60 soixante
70 soixantedix
80 quatrevingt
90 quatrevingtdix
100 cent
1000 mille
1000000 million
1000000000 milliard
