.
0
1
10
100
1000
1000000
1000000000
11
12
13
14
15
16
17
18
19
2
20
21
22
23
24
25
26
27
28
29
3
30
4
40
5
50
6
60
7
70
8
80
9
90
a
acceuil
acceuillir
accueil
accueillir
addresse
adresse
ae
ancien
apparament
apparemment
appeler
appeller
arriver
b
bas
bien
bon
b̔"
c
cafe
café
ceint
cent
cents
ces
cest
chaud
cinq
cinquante
cinquieme
cl
competance
competence
compte
compétence
comte
concurence
concurrence
connaisance
connaissance
connection
connexion
conte
creme
crème
d
definitivement
deja
deux
deuxieme
developpement
di
difficile
dix
dixhuit
dixieme
dixneuf
dixsept
dl
douze
définitivement
déjà
développement
e
ecole
eleve
entrer
equipe
evidement
evidemment
f
facile
faible
faux
fermer
fort
francais
français
froid
g
grand
h
haut
heureux
hotel
huit
huitieme
hôtel
i
ib
ih
ik
impossible
independant
indépendant
interessant
interressant
intéressant
j
jamais
jeune
jour
k
l
lb
lc
lh
lk
m
maire
mal
malgre
malgré
malgrés
mauvais
mer
mere
mille
milliard
million
mère
n
necessaire
neuf
neuvieme
nn
noel
non
nouveau
noël
nuit
nécessaire
o
occurence
occurrence
oe
on
ont
onze
organisation
organistation
oui
ouvrir
p
partir
pauvre
pere
personel
personnel
petit
peut
peux
point
possible
premier
professionel
professionnel
père
q
quarante
quatorze
quatre
quatrevingt
quatrevingtdix
quatrieme
quinze
r
rappeler
rappeller
resume
riche
rn
rr
résumé
s
sain
saint
sang
sans
saut
sceau
seau
securite
sein
seize
sept
septieme
ses
sest
six
sixieme
societe
société
soixante
soixantedix
son
sont
sortir
sot
surement
sécurité
sûrement
t
tard
tot
toujours
treize
trente
tres
triste
trois
troisieme
très
u
un
universite
université
v
ver
verre
vers
vert
vieux
vingt
vingtcinq
vingtdeux
vingtetun
vingthuit
vingtneuf
vingtquatre
vingtsept
vingtsix
vingttrois
vrai
vv
v̇
w
x
y
z
zero
¡
Þ
à
á
â
ã
ä
å
æ
ç
è
é
école
élève
équipe
évidemment
ê
ë
í
î
ï
ó
ô
ö
ù
ú
û
ü
ý
ÿ
ă
ć
ċ
č
đ
ē
ĕ
ė
ę
ě
ğ
ġ
ģ
ĭ
ı
ł
ń
œ
ś
ţ
ŭ
ź
ż
ƈ
ƒ
ơ
ƿ
ǎ
ǐ
ǔ
ǵ
ȧ
ȯ
ɉ
ɑ
ɓ
ɗ
ɡ
ɢ
ɩ
ɫ
ɱ
ɼ
ɽ
ʀ
ʂ
ʏ
ʐ
ʙ
ʝ
ʠ
Ο
γ
ι
κ
μ
ν
ο
ρ
τ
υ
Ϝ
ϲ
ϳ
ϵ
Ϸ
Б
Г
О
Ь
а
е
м
н
о
р
с
т
у
х
ц
є
ѕ
ј
ѡ
ѵ
Ғ
ҫ
Ү
ҳ
һ
ҽ
ӓ
ӧ
ԁ
Ԍ
ԛ
ԝ
Ս
Օ
ա
գ
զ
ժ
հ
ս
ց
ا
ة
ه
١
٨
Ⴝ
Ꭵ
Ꮒ
Ꮪ
ᴍ
ᴜ
ᴢ
ᴦ
ṃ
ẋ
ạ
ẹ
ọ
ỏ
ⲕ
ꙇ
