0 ศูนย์
1 หนึ่ง ที่หนึ่ง
2 สอง ที่สอง
3 สาม ที่สาม
4 สี่ ที่สี่
5 ห้า ที่ห้า
6 หก ที่หก
7 เจ็ด ที่เจ็ด
8 แปด ที่แปด
9 เก้า ที่เก้า
10 สิบ ที่สิบ
11 สิบเอ็ด ที่สิบเอ็ด
12 สิบสอง ที่สิบสอง
13 สิบสาม ที่สิบสาม
14 สิบสี่ ที่สิบสี่
15 สิบห้า ที่สิบห้า
16 สิบหก ที่สิบหก
17 สิบเจ็ด ที่สิบเจ็ด
18 สิบแปด ที่สิบแปด
19 สิบเก้า ที่สิบเก้า
20 ยี่สิบ ที่ยี่สิบ
30 สามสิบ
40 สี่สิบ
50 ห้าสิบ
60 หกสิบ
70 เจ็ดสิบ
80 แปดสิบ
90 เก้าสิบ
100 หนึ่งร้อย
1000 หนึ่งพัน
10000 หนึ่งหมื่น
1000000 หนึ่งล้าน
1000000000 หนึ่งพันล้าน
