.
0
1
10
100
1000
10000
1000000
1000000000
11
12
13
14
15
16
17
18
19
2
20
3
30
4
40
5
50
6
60
7
70
8
80
9
90
a
ae
b
b̔"
c
cl
d
di
dl
e
f
g
h
i
ib
ih
ik
j
k
l
lb
lc
lh
lk
m
n
nn
o
oe
p
q
r
rn
rr
s
ss
t
u
v
vv
v̇
w
x
y
z
¡
Þ
ß
à
á
â
ã
ä
å
æ
ç
è
é
ê
ë
í
î
ï
ñ
ó
ô
ö
ø
ù
ú
û
ü
ý
ÿ
ă
ć
ċ
č
đ
ē
ĕ
ė
ę
ě
ğ
ġ
ģ
ĭ
ı
ł
ń
œ
ś
ţ
ŭ
ź
ż
ƈ
ƒ
ơ
ƿ
ǎ
ǐ
ǔ
ǵ
ȧ
ȯ
ɉ
ɑ
ɓ
ɗ
ɡ
ɢ
ɩ
ɫ
ɱ
ɼ
ɽ
ʀ
ʂ
ʏ
ʐ
ʙ
ʝ
ʠ
Ο
γ
ι
κ
μ
ν
ο
ρ
τ
υ
Ϝ
ϲ
ϳ
ϵ
Ϸ
Б
Г
О
Ь
а
е
к
м
н
о
р
с
т
у
х
ц
є
ѕ
і
ј
ѡ
ѵ
Ғ
ҫ
Ү
ҳ
һ
ҽ
ӓ
ӧ
ԁ
Ԍ
ԛ
ԝ
Ս
Օ
ա
գ
զ
ժ
հ
ս
ց
ا
ة
ه
١
٨
จุด
ดี
ที่ยี่สิบ
ที่สอง
ที่สาม
ที่สิบ
ที่สิบสอง
ที่สิบสาม
ที่สิบสี่
ที่สิบหก
ที่สิบห้า
ที่สิบเก้า
ที่สิบเจ็ด
ที่สิบเอ็ด
ที่สิบแปด
ที่สี่
ที่หก
ที่หนึ่ง
ที่ห้า
ที่เก้า
ที่เจ็ด
ที่แปด
ยี่สิบ
ศูนย์
สอง
สาม
สามสิบ
สิบ
สิบสอง
สิบสาม
สิบสี่
สิบหก
สิบห้า
สิบเก้า
สิบเจ็ด
สิบเอ็ด
สิบแปด
สี่
สี่สิบ
หก
หกสิบ
หนึ่ง
หนึ่งพัน
หนึ่งพันล้าน
หนึ่งร้อย
หนึ่งล้าน
หนึ่งหมื่น
ห้า
ห้าสิบ
เก้า
เก้าสิบ
เจ็ด
เจ็ดสิบ
เลว
เล็ก
แปด
แปดสิบ
ใช่
ใหญ่
ไม่
Ⴝ
Ꭵ
Ꮒ
Ꮪ
ᴍ
ᴜ
ᴢ
ᴦ
ṃ
ẋ
ạ
ẹ
ọ
ỏ
ⲕ
ꙇ
