&
.
0
1
10
100
1000
1000000
1000000000
11
12
13
14
15
16
17
18
19
2
20
3
30
4
40
5
50
6
60
7
70
8
80
9
90
I
a
b
e
ev
h
l
o
q
r
u
ö
ɑ
Ο
ο
υ
О
Ь
а
е
н
о
ц
є
һ
ӧ
Օ
ա
այո
առաջին
արագ
բ
բարձր
գ
գիշեր
դ
դանդաղ
ե
երեսուն
երեք
երկու
երկրորդ
երրորդ
եւ
զ
զրո
է
ը
թ
թույլ
ժ
ի
ինը
իններորդ
իննսուն
լ
լավ
լույս
խ
ծ
կ
կետ
կետը
հ
հազար
հարյուր
հին
հինգ
հինգերորդ
հիսուն
ձ
ղ
ճ
մ
մեծ
մեկ
միլիարդ
միլիոն
մութ
յ
յոթ
յոթանասուն
յոթերորդ
ն
նոր
շ
ո
ոչ
ութ
ութանասուն
ութերորդ
ուժեղ
չ
չորս
չորրորդ
պ
ջ
ռ
ս
սկիզբ
վ
վաթսուն
վատ
վերջ
վեց
վեցերորդ
տ
տաս
տասերորդ
տասներեք
տասներկու
տասնինը
տասնիննը
տասնհինգ
տասնմեկ
տասնյոթ
տասնութ
տասնչորս
տասնվեց
ր
ց
ցածր
փ
փոքր
ք
քառասուն
քսան
օ
օր
ֆ
և
Ꮒ
