.
0
1
10
100
1000
1000000
1000000000
11
12
13
14
15
16
17
18
19
2
20
3
30
4
40
5
50
6
60
7
70
8
80
9
90
a
ae
alto
b
basso
buono
b̔"
c
cattivo
centesimo
cento
cinquanta
cinquantesimo
cinque
cl
cosi
così
d
decimo
di
diciannove
diciannovesimo
diciassette
diciassettesimo
diciottesimo
diciotto
dieci
dl
dodicesimo
dodici
due
e
f
g
grande
h
i
ib
ih
ik
j
k
l
lb
lc
lh
lk
m
miliardesimo
miliardo
milione
milionesimo
mille
millesimo
n
nn
no
nono
novanta
novantesimo
nove
o
oe
ottanta
ottantesimo
ottavo
otto
p
perche
perché
piccolo
piu
più
primo
punto
q
quaranta
quarantesimo
quarto
quattordicesimo
quattordici
quattro
quindicesimo
quindici
quinto
r
rn
rr
s
secondo
sedicesimo
sedici
sei
sessanta
sessantesimo
sesto
settanta
settantesimo
sette
settimo
si
ss
t
terzo
tre
tredicesimo
tredici
trenta
trentesimo
u
undicesimo
undici
uno
v
ventesimo
venti
vv
v̇
w
x
y
z
zero
¡
Þ
ß
à
á
â
ã
ä
å
æ
ç
è
é
ê
ë
ì
í
î
ï
ñ
ò
ó
ô
ö
ø
ù
ú
û
ü
ý
ÿ
ă
ć
ċ
č
đ
ē
ĕ
ė
ę
ě
ğ
ġ
ģ
ĭ
ı
ł
ń
œ
ś
ţ
ŭ
ź
ż
ƈ
ƒ
ơ
ƿ
ǎ
ǐ
ǔ
ǵ
ȧ
ȯ
ɉ
ɑ
ɓ
ɗ
ɡ
ɢ
ɩ
ɫ
ɱ
ɼ
ɽ
ʀ
ʂ
ʏ
ʐ
ʙ
ʝ
ʠ
Ο
γ
ι
κ
μ
ν
ο
ρ
τ
υ
Ϝ
ϲ
ϳ
ϵ
Ϸ
Б
Г
О
Ь
а
е
к
м
н
о
р
с
т
у
х
ц
є
ѕ
і
ј
ѡ
ѵ
Ғ
ҫ
Ү
ҳ
һ
ҽ
ӓ
ӧ
ԁ
Ԍ
ԛ
ԝ
Ս
Օ
ա
գ
զ
ժ
հ
ս
ց
ا
ة
ه
١
٨
Ⴝ
Ꭵ
Ꮒ
Ꮪ
ᴍ
ᴜ
ᴢ
ᴦ
ṃ
ẋ
ạ
ẹ
ọ
ỏ
ⲕ
ꙇ
