0 cero
1 uno primero primer
2 dos segundo
3 tres tercero
4 cuatro cuarto
5 cinco quinto
6 seis sexto
7 siete séptimo septimo
8 ocho octavo
9 nueve noveno
10 diez décimo decimo
11 once
12 doce
13 trece
14 catorce
15 quince
16 dieciséis dieciseis
17 diecisiete
18 dieciocho
19 diecinueve
20 veinte
21 veintiuno
22 veintidós veintidos
23 veintitrés veintitres
24 veinticuatro
25 veinticinco
26 veintiséis veintiseis
27 veintisiete
28 veintiocho
29 veintinueve
30 treinta
40 cuarenta
50 cincuenta
60 sesenta
70 setenta
80 ochenta
90 noventa
100 cien ciento
1000 mil
1000000 millón millon
1000000000 milmillones mil millones
1000000000000 billón billon
