.
0
1
10
100
1000
1000000
1000000000
11
12
13
14
15
16
17
18
19
2
20
3
30
4
40
5
50
6
60
7
70
8
80
9
90
Norge
a
ae
andre
atten
attende
b
bra
b̔"
c
cl
d
di
dl
dårlig
e
elleve
ellevte
en
f
fem
femte
femten
femtende
femti
femtiende
fire
fjerde
fjorten
fjortende
første
førti
førtiende
g
h
hundre
hundrede
i
ib
ih
ik
j
ja
k
l
lb
lc
lh
liten
lk
m
milliard
million
n
nei
ni
niende
nitten
nittende
nitti
nittiende
nn
norge
null
o
oe
p
punktum
q
r
rn
rr
s
seks
seksten
sekstende
seksti
sekstiende
sjette
sju
sjuende
ss
stor
sytten
syttende
sytti
syttiende
t
ti
tiende
tjue
tjuende
to
tolv
tolvte
tre
tredje
tretten
trettende
tretti
trettiende
tusen
tusende
u
v
vv
v̇
w
x
y
z
¡
Þ
ß
à
á
â
ã
ä
å
åtte
åttende
åtti
åttiende
æ
ç
è
é
ê
ë
í
î
ï
ñ
ó
ô
ö
ø
ù
ú
û
ü
ý
ÿ
ă
ć
ċ
č
đ
ē
ĕ
ė
ę
ě
ğ
ġ
ģ
ĭ
ı
ł
ń
œ
ś
ţ
ŭ
ź
ż
ƈ
ƒ
ơ
ƿ
ǎ
ǐ
ǔ
ǵ
ȧ
ȯ
ɉ
ɑ
ɓ
ɗ
ɡ
ɢ
ɩ
ɫ
ɱ
ɼ
ɽ
ʀ
ʂ
ʏ
ʐ
ʙ
ʝ
ʠ
Ο
γ
ι
κ
μ
ν
ο
ρ
τ
υ
Ϝ
ϲ
ϳ
ϵ
Ϸ
Б
Г
О
Ь
а
е
к
м
н
о
р
с
т
у
х
ц
є
ѕ
і
ј
ѡ
ѵ
Ғ
ҫ
Ү
ҳ
һ
ҽ
ӓ
ӧ
ԁ
Ԍ
ԛ
ԝ
Ս
Օ
ա
գ
զ
ժ
հ
ս
ց
ا
ة
ه
١
٨
Ⴝ
Ꭵ
Ꮒ
Ꮪ
ᴍ
ᴜ
ᴢ
ᴦ
ṃ
ẋ
ạ
ẹ
ọ
ỏ
ⲕ
ꙇ
