.
0
1
10
100
1000
1000000
1000000000
11
12
13
14
15
16
17
18
19
2
20
3
30
4
40
5
50
6
60
7
70
8
80
9
90
a
ae
b
b̔"
c
cl
d
di
dl
e
f
g
h
i
ib
ih
ik
j
k
kiev
kyiv
l
lb
lc
lh
lk
m
n
nn
o
oe
p
q
r
rn
rr
s
ss
t
u
v
vv
v̇
w
x
y
z
¡
Þ
ß
à
á
â
ã
ä
å
æ
ç
è
é
ê
ë
í
î
ï
ñ
ó
ô
ö
ø
ù
ú
û
ü
ý
ÿ
ă
ć
ċ
č
đ
ē
ĕ
ė
ę
ě
ğ
ġ
ģ
ĭ
ı
ł
ń
œ
ś
ţ
ŭ
ź
ż
ƈ
ƒ
ơ
ƿ
ǎ
ǐ
ǔ
ǵ
ȧ
ȯ
ɉ
ɑ
ɓ
ɗ
ɡ
ɢ
ɩ
ɫ
ɱ
ɼ
ɽ
ʀ
ʂ
ʏ
ʐ
ʙ
ʝ
ʠ
Ο
γ
ι
κ
μ
ν
ο
ρ
τ
υ
Ϝ
ϲ
ϳ
ϵ
Ϸ
Б
Г
О
Ь
а
б
в
великий
восьмий
вісім
вісімдесят
вісімдесятий
вісімнадцятий
вісімнадцять
г
д
два
двадцятий
двадцять
дванадцятий
дванадцять
дев’яностий
дев’яносто
дев’ятий
дев’ятнадцятий
дев’ятнадцять
дев’ять
десятий
десять
добре
другий
е
ж
з
и
й
к
київ
крапка
л
м
малий
мільйон
мільйонний
мільярд
мільярдний
н
нуль
ні
о
один
одинадцятий
одинадцять
п
перший
погано
п’ятдесят
п’ятдесятий
п’ятий
п’ятнадцятий
п’ятнадцять
п’ять
р
с
сорок
сороковий
сотий
сто
сьомий
сім
сімдесят
сімдесятий
сімнадцятий
сімнадцять
т
так
тисяча
тисячний
третій
три
тридцятий
тридцять
тринадцятий
тринадцять
у
ф
х
ц
ч
четвертий
чотири
чотирнадцятий
чотирнадцять
ш
шостий
шістдесят
шістдесятий
шістнадцятий
шістнадцять
шість
щ
ь
ю
я
є
ѕ
і
ї
ј
ѡ
ѵ
ґ
Ғ
ҫ
Ү
ҳ
һ
ҽ
ӓ
ӧ
ԁ
Ԍ
ԛ
ԝ
Ս
Օ
ա
գ
զ
ժ
հ
ս
ց
ا
ة
ه
١
٨
Ⴝ
Ꭵ
Ꮒ
Ꮪ
ᴍ
ᴜ
ᴢ
ᴦ
ṃ
ẋ
ạ
ẹ
ọ
ỏ
ⲕ
ꙇ
