.
0
1
10
100
1000
10000
1000000
1000000000
11
12
13
14
15
16
17
18
19
2
20
3
30
4
40
5
50
6
60
7
70
8
80
9
90
a
ae
b
b̔"
c
cl
d
di
dl
e
f
g
h
i
ib
ih
ik
j
k
l
lb
lc
lh
lk
m
n
nn
o
oe
p
q
r
rn
rr
s
ss
t
u
v
vv
v̇
w
x
y
z
¡
Þ
ß
à
á
â
ã
ä
å
æ
ç
è
é
ê
ë
í
î
ï
ñ
ó
ô
ö
ø
ù
ú
û
ü
ý
ÿ
ă
ć
ċ
č
đ
ē
ĕ
ė
ę
ě
ğ
ġ
ģ
ĭ
ı
ł
ń
œ
ś
ţ
ŭ
ź
ż
ƈ
ƒ
ơ
ƿ
ǎ
ǐ
ǔ
ǵ
ȧ
ȯ
ɉ
ɑ
ɓ
ɗ
ɡ
ɢ
ɩ
ɫ
ɱ
ɼ
ɽ
ʀ
ʂ
ʏ
ʐ
ʙ
ʝ
ʠ
Ο
γ
ι
κ
μ
ν
ο
ρ
τ
υ
Ϝ
ϲ
ϳ
ϵ
Ϸ
Б
Г
О
Ь
а
е
к
м
н
о
р
с
т
у
х
ц
є
ѕ
і
ј
ѡ
ѵ
Ғ
ҫ
Ү
ҳ
һ
ҽ
ӓ
ӧ
ԁ
Ԍ
ԛ
ԝ
Ս
Օ
ա
գ
զ
ժ
հ
ս
ց
ا
ة
ه
١
٨
Ⴝ
Ꭵ
Ꮒ
Ꮪ
ᴍ
ᴜ
ᴢ
ᴦ
ṃ
ẋ
ạ
ẹ
ọ
ỏ
ⲕ
あ
い
う
え
お
てん
一
七
七十
万
三
三十
九
九十
二
二十
五
五十
八
八十
六
六十
十
十一
十七
十三
十九
十二
十五
十億
十八
十六
十四
千
四
四十
大
小
悪い
点
百
百万
第一
第七
第万
第三
第九
第二
第二十
第五
第八
第六
第十
第十一
第十七
第十三
第十九
第十二
第十五
第十億
第十八
第十六
第十四
第千
第四
第百
第百万
第零
良い
零
ꙇ
