.
0
1
10
100
1000
100000
1000000
10000000
1000000000
11
12
13
14
15
16
17
18
19
2
20
3
30
4
40
5
50
6
60
7
70
8
80
9
90
a
ae
b
bharat
b̔"
c
cl
d
di
dl
e
f
g
h
i
ib
ih
ik
j
k
l
lb
lc
lh
lk
m
n
nn
o
oe
p
q
r
rn
rr
s
ss
t
u
v
vv
v̇
w
x
y
z
¡
Þ
ß
à
á
â
ã
ä
å
æ
ç
è
é
ê
ë
í
î
ï
ñ
ó
ô
ö
ø
ù
ú
û
ü
ý
ÿ
ă
ć
ċ
č
đ
ē
ĕ
ė
ę
ě
ğ
ġ
ģ
ĭ
ı
ł
ń
œ
ś
ţ
ŭ
ź
ż
ƈ
ƒ
ơ
ƿ
ǎ
ǐ
ǔ
ǵ
ȧ
ȯ
ɉ
ɑ
ɓ
ɗ
ɡ
ɢ
ɩ
ɫ
ɱ
ɼ
ɽ
ʀ
ʂ
ʏ
ʐ
ʙ
ʝ
ʠ
Ο
γ
ι
κ
μ
ν
ο
ρ
τ
υ
Ϝ
ϲ
ϳ
ϵ
Ϸ
Б
Г
О
Ь
а
е
к
м
н
о
р
с
т
у
х
ц
є
ѕ
і
ј
ѡ
ѵ
Ғ
ҫ
Ү
ҳ
һ
ҽ
ӓ
ӧ
ԁ
Ԍ
ԛ
ԝ
Ս
Օ
ա
գ
զ
ժ
հ
ս
ց
ا
ة
ه
١
٨
अ
अच्छा
अठारह
अरब
अस्सी
आ
आठ
आठवाँ
इ
ई
उ
उन्नीस
ऊ
ए
एक
ऐ
ओ
औ
क
करोड़
ख
ग
ग्यारह
घ
च
चार
चालीस
चौथा
चौदह
छ
छठा
छह
छोटा
ज
झ
ट
ठ
ड
ढ
त
तीन
तीस
तीसरा
तेरह
थ
द
दस
दसवाँ
दूसरा
दो
ध
न
नब्बे
नहीं
नौ
नौवाँ
प
पंद्रह
पचास
पहला
पाँच
पाँचवाँ
फ
ब
बड़ा
बारह
बिंदु
बिलियन
बीस
बुरा
भ
भारत
म
मिलियन
य
र
ल
लाख
व
श
शून्य
ष
स
सत्तर
सत्रह
साठ
सात
सातवाँ
सोलह
सौ
ह
हज़ार
हजार
हाँ
Ⴝ
Ꭵ
Ꮒ
Ꮪ
ᴍ
ᴜ
ᴢ
ᴦ
ṃ
ẋ
ạ
ẹ
ọ
ỏ
ⲕ
ꙇ
