0 không
1 một thứnhất
2 hai thứhai
3 ba thứba
4 bốn thứtư
5 năm thứnăm
6 sáu thứsáu
7 bảy thứbảy
8 tám thứtám
9 chín thứchín
10 mười thứmười
11 mười một thứmườimột muoimot
12 mười hai thứmườihai muoihai
13 mười ba thứmườiba muoiba
14 mười bốn thứmườibốn muoibon
15 mười lăm thứmườilăm muoilam
16 mười sáu thứmườisáu muoisau
17 mười bảy thứmườibảy muoibay
18 mười tám thứmườitám muoitam
19 mười chín thứmườichín muoichin
20 hai mươi haimuoi
30 ba mươi bamuoi
40 bốn mươi bonmuoi
50 năm mươi nammuoi
60 sáu mươi saumuoi
70 bảy mươi baymuoi
80 tám mươi tammuoi
90 chín mươi chinmuoi
100 trăm
1000 nghìn nghin ngàn ngan
1000000 triệu trieu
1000000000 tỷ ty
