.
0
1
10
100
1000
1000000
1000000000
11
12
13
14
15
16
17
18
19
2
20
3
30
4
40
5
50
6
60
7
70
8
80
9
90
a
ae
b
ba
ba mươi
bamuoi
baymuoi
bonmuoi
b̔"
bảy
bảy mươi
bốn
bốn mươi
c
cham
chinmuoi
chín
chín mươi
chấm
cl
congnghe
có
côngnghệ
d
di
dl
e
f
g
h
hai
hai mươi
haimuoi
i
ib
ih
ik
j
k
không
l
lb
lc
lh
lk
lớn
m
muoiba
muoibay
muoibon
muoichin
muoihai
muoilam
muoimot
muoisau
muoitam
mười
mười ba
mười bảy
mười bốn
mười chín
mười hai
mười lăm
mười một
mười sáu
mười tám
một
n
nammuoi
ngan
nghin
nghìn
ngàn
nhỏ
nn
năm
năm mươi
o
oe
p
q
r
rn
rr
s
saumuoi
ss
sáu
sáu mươi
t
tammuoi
thứba
thứbảy
thứchín
thứhai
thứmười
thứmườiba
thứmườibảy
thứmườibốn
thứmườichín
thứmườihai
thứmườilăm
thứmườimột
thứmườisáu
thứmườitám
thứnhất
thứnăm
thứsáu
thứtám
thứtư
trieu
triệu
trăm
ty
tám
tám mươi
tốt
tỷ
u
v
viet
việt
vv
v̇
w
x
xấu
y
z
¡
Þ
ß
à
á
â
ã
ä
å
æ
ç
è
é
ê
ë
í
î
ï
ð
ñ
ó
ô
ö
ø
ù
ú
û
ü
ý
ÿ
ă
ć
ċ
č
đ
ē
ĕ
ė
ę
ě
ğ
ġ
ģ
ĭ
ı
ł
ń
œ
ś
ţ
ŭ
ź
ż
ƈ
ƒ
ơ
ư
ƿ
ǎ
ǐ
ǔ
ǵ
ȧ
ȯ
ɉ
ɑ
ɓ
ɗ
ɡ
ɢ
ɩ
ɫ
ɱ
ɼ
ɽ
ʀ
ʂ
ʏ
ʐ
ʙ
ʝ
ʠ
Ο
γ
ι
κ
μ
ν
ο
ρ
τ
υ
Ϝ
ϲ
ϳ
ϵ
Ϸ
Б
Г
О
Ь
а
е
к
м
н
о
р
с
т
у
х
ц
є
ѕ
і
ј
ѡ
ѵ
Ғ
ҫ
Ү
ҳ
һ
ҽ
ӓ
ӧ
ԁ
Ԍ
ԛ
ԝ
Ս
Օ
ա
գ
զ
ժ
հ
ս
ց
ا
ة
ه
١
٨
Ⴝ
Ꭵ
Ꮒ
Ꮪ
ᴍ
ᴜ
ᴢ
ᴦ
ṃ
ẋ
ạ
ẹ
ọ
ỏ
ⲕ
ꙇ
