.
0
1
10
100
1000
1000000
1000000000
11
12
13
14
15
16
17
18
19
2
20
3
30
4
40
5
50
6
60
7
70
8
80
9
90
I
Türkiye
a
ae
altmış
altmışıncı
altı
altıncı
b
beş
beşinci
bin
bininci
bir
birinci
büyük
b̔"
c
cl
d
di
dl
doksan
doksanıncı
dokuz
dokuzuncu
dördüncü
dört
e
elli
ellinci
evet
f
g
h
hayır
i
ib
ih
ik
iki
ikinci
istanbul
iyi
j
k
kötü
küçük
kırk
kırkıncı
l
lb
lc
lh
lk
m
milyar
milyarıncı
milyon
milyonuncu
n
nn
nokta
o
oe
on
onaltı
onaltıncı
onbeş
onbeşinci
onbir
onbirinci
ondokuz
ondokuzuncu
ondördüncü
ondört
oniki
onikinci
onsekiz
onsekizinci
onuncu
onyedi
onyedinci
onüç
onüçüncü
otuz
otuzuncu
p
q
r
rn
rr
s
sekiz
sekizinci
seksen
sekseninci
sirket
ss
sıfır
t
turkiye
türkiye
u
v
vv
v̇
w
x
y
yedi
yedinci
yetmiş
yetmişinci
yirmi
yirminci
yüz
yüzüncü
z
¡
Þ
ß
à
á
â
ã
ä
å
æ
ç
è
é
ê
ë
í
î
ï
ñ
ó
ô
ö
ø
ù
ú
û
ü
üç
üçüncü
ý
ÿ
ă
ć
ċ
č
đ
ē
ĕ
ė
ę
ě
ğ
ġ
ģ
ĭ
İ
İstanbul
ı
ł
ń
œ
ś
ş
şirket
ţ
ŭ
ź
ż
ƈ
ƒ
ơ
ƿ
ǎ
ǐ
ǔ
ǵ
ȧ
ȯ
ɉ
ɑ
ɓ
ɗ
ɡ
ɢ
ɩ
ɫ
ɱ
ɼ
ɽ
ʀ
ʂ
ʏ
ʐ
ʙ
ʝ
ʠ
Ο
γ
ι
κ
μ
ν
ο
ρ
τ
υ
Ϝ
ϲ
ϳ
ϵ
Ϸ
Б
Г
О
Ь
а
е
к
м
н
о
р
с
т
у
х
ц
є
ѕ
і
ј
ѡ
ѵ
Ғ
ҫ
Ү
ҳ
һ
ҽ
ӓ
ӧ
ԁ
Ԍ
ԛ
ԝ
Ս
Օ
ա
գ
զ
ժ
հ
ս
ց
ا
ة
ه
١
٨
Ⴝ
Ꭵ
Ꮒ
Ꮪ
ᴍ
ᴜ
ᴢ
ᴦ
ṃ
ẋ
ạ
ẹ
ọ
ỏ
ⲕ
ꙇ
