.
0
1
10
100
1000
1000000
1000000000
11
12
13
14
15
16
17
18
19
2
20
3
30
4
40
5
50
6
60
7
70
8
80
9
90
a
ae
b
b̔"
c
cl
czterdziesty
czterdzieści
czternasty
czternaście
cztery
czwarty
d
di
dl
dobry
drugi
duży
dwa
dwadzieścia
dwanaście
dwudziesty
dwunasty
dziesiąty
dziesięć
dziewiąty
dziewiętnasty
dziewiętnaście
dziewięć
dziewięćdziesiąt
dziewięćdziesiąty
e
f
g
h
i
ib
ih
ik
j
jeden
jedenasty
jedenaście
k
kropka
l
lb
lc
lh
lk
lodz
m
mały
miliard
miliardowy
milion
milionowy
n
nie
nn
o
oe
osiem
osiemdziesiąt
osiemdziesiąty
osiemnasty
osiemnaście
p
pierwszy
piąty
piętnasty
piętnaście
pięć
pięćdziesiąt
pięćdziesiąty
q
r
rn
rr
s
setny
siedem
siedemdziesiąt
siedemdziesiąty
siedemnasty
siedemnaście
siódmy
ss
sto
szesnasty
szesnaście
sześć
sześćdziesiąt
sześćdziesiąty
szósty
t
tak
trzeci
trzy
trzydziesty
trzydzieści
trzynasty
trzynaście
tysiąc
tysięczny
u
v
vv
v̇
w
wroclaw
wrocław
x
y
z
zero
zły
¡
Þ
ß
à
á
â
ã
ä
å
æ
ç
è
é
ê
ë
í
î
ï
ñ
ó
ósmy
ô
ö
ø
ù
ú
û
ü
ý
ÿ
ă
ą
ć
ċ
č
đ
ē
ĕ
ė
ę
ě
ğ
ġ
ģ
ĭ
ı
ł
łódź
ń
œ
ś
ţ
ŭ
ź
ż
ƈ
ƒ
ơ
ƿ
ǎ
ǐ
ǔ
ǵ
ȧ
ȯ
ɉ
ɑ
ɓ
ɗ
ɡ
ɢ
ɩ
ɫ
ɱ
ɼ
ɽ
ʀ
ʂ
ʏ
ʐ
ʙ
ʝ
ʠ
Ο
γ
ι
κ
μ
ν
ο
ρ
τ
υ
Ϝ
ϲ
ϳ
ϵ
Ϸ
Б
Г
О
Ь
а
е
к
м
н
о
р
с
т
у
х
ц
є
ѕ
і
ј
ѡ
ѵ
Ғ
ҫ
Ү
ҳ
һ
ҽ
ӓ
ӧ
ԁ
Ԍ
ԛ
ԝ
Ս
Օ
ա
գ
զ
ժ
հ
ս
ց
ا
ة
ه
١
٨
Ⴝ
Ꭵ
Ꮒ
Ꮪ
ᴍ
ᴜ
ᴢ
ᴦ
ṃ
ẋ
ạ
ẹ
ọ
ỏ
ⲕ
ꙇ
