.
0
1
10
100
1000
1000000
1000000000
11
12
13
14
15
16
17
18
19
2
20
3
30
4
40
5
50
6
60
7
70
8
80
9
90
a
acht
achtste
achttien
achttiende
ae
b
b̔"
c
cl
d
derde
dertien
dertiende
dertig
dertigste
di
dl
drie
duizend
duizendste
e
een
eerste
elf
elfde
f
g
goed
groot
h
honderd
honderdste
hoog
i
ib
ih
ik
j
ja
k
klein
l
laag
lb
lc
lh
lk
m
miljard
miljardste
miljoen
miljoenste
n
nee
negen
negende
negentien
negentiende
negentig
negentigste
nn
nul
o
oe
p
punt
q
r
rn
rr
s
slecht
ss
t
tachtig
tachtigste
tien
tiende
twaalf
twaalfde
twee
tweede
twintig
twintigste
u
v
veertien
veertiende
veertig
veertigste
vier
vierde
vijf
vijfde
vijftien
vijftiende
vijftig
vijftigste
vv
v̇
w
x
y
z
zes
zesde
zestien
zestiende
zestig
zestigste
zeven
zevende
zeventien
zeventiende
zeventig
zeventigste
zo
zó
¡
Þ
ß
à
á
â
ã
ä
å
æ
ç
è
é
ê
ë
í
î
ï
ñ
ó
ô
ö
ø
ù
ú
û
ü
ý
ÿ
ă
ć
ċ
č
đ
ē
ĕ
ė
ę
ě
ğ
ġ
ģ
ĭ
ı
ł
ń
œ
ś
ţ
ŭ
ź
ż
ƈ
ƒ
ơ
ƿ
ǎ
ǐ
ǔ
ǵ
ȧ
ȯ
ɉ
ɑ
ɓ
ɗ
ɡ
ɢ
ɩ
ɫ
ɱ
ɼ
ɽ
ʀ
ʂ
ʏ
ʐ
ʙ
ʝ
ʠ
Ο
γ
ι
κ
μ
ν
ο
ρ
τ
υ
Ϝ
ϲ
ϳ
ϵ
Ϸ
Б
Г
О
Ь
а
е
к
м
н
о
р
с
т
у
х
ц
є
ѕ
і
ј
ѡ
ѵ
Ғ
ҫ
Ү
ҳ
һ
ҽ
ӓ
ӧ
ԁ
Ԍ
ԛ
ԝ
Ս
Օ
ա
գ
զ
ժ
հ
ս
ց
ا
ة
ه
١
٨
Ⴝ
Ꭵ
Ꮒ
Ꮪ
ᴍ
ᴜ
ᴢ
ᴦ
ṃ
ẋ
ạ
ẹ
ọ
ỏ
ⲕ
ꙇ
