.
0
1
10
100
1000
1000000
1000000000
11
12
13
14
15
16
17
18
19
2
20
3
30
4
40
5
50
6
60
7
70
8
80
9
90
a
ae
alto
b
baixo
bilhao
bilhão
biliao
bilião
bom
b̔"
c
catorze
cem
cinco
cinquenta
cl
coracao
coração
d
dez
dezasseis
dezassete
dezenove
dezesseis
dezessete
dezoito
di
dl
dois
doze
décimo
e
f
g
grande
h
i
ib
ih
ik
informacao
informação
j
k
l
lb
lc
lh
lk
m
mau
mil
milhao
milhão
n
nao
nn
nono
nove
noventa
não
o
oe
oitavo
oitenta
oito
onze
p
pequeno
ponto
primeiro
q
quarenta
quarto
quatorze
quatro
quinto
quinze
r
rn
rr
s
segundo
seis
sessenta
sete
setenta
sexto
sim
ss
sétimo
t
telefone
terceiro
treze
trinta
três
u
um
v
vinte
voce
você
vv
v̇
w
x
y
z
zero
¡
Þ
ß
à
á
â
ã
ä
å
æ
ç
è
é
ê
ë
í
î
ï
ñ
ó
ô
õ
ö
ø
ù
ú
û
ü
ý
ÿ
ă
ć
ċ
č
đ
ē
ĕ
ė
ę
ě
ğ
ġ
ģ
ĭ
ı
ł
ń
œ
ś
ţ
ŭ
ź
ż
ƈ
ƒ
ơ
ƿ
ǎ
ǐ
ǔ
ǵ
ȧ
ȯ
ɉ
ɑ
ɓ
ɗ
ɡ
ɢ
ɩ
ɫ
ɱ
ɼ
ɽ
ʀ
ʂ
ʏ
ʐ
ʙ
ʝ
ʠ
Ο
γ
ι
κ
μ
ν
ο
ρ
τ
υ
Ϝ
ϲ
ϳ
ϵ
Ϸ
Б
Г
О
Ь
а
е
к
м
н
о
р
с
т
у
х
ц
є
ѕ
і
ј
ѡ
ѵ
Ғ
ҫ
Ү
ҳ
һ
ҽ
ӓ
ӧ
ԁ
Ԍ
ԛ
ԝ
Ս
Օ
ա
գ
զ
ժ
հ
ս
ց
ا
ة
ه
١
٨
Ⴝ
Ꭵ
Ꮒ
Ꮪ
ᴍ
ᴜ
ᴢ
ᴦ
ṃ
ẋ
ạ
ẹ
ọ
ỏ
ⲕ
ꙇ
