.
0
1
10
100
1000
1000000
1000000000
11
12
13
14
15
16
17
18
19
2
20
3
30
4
40
5
50
6
60
7
70
8
80
9
90
a
ae
anden
atten
attende
b
b̔"
c
cl
d
di
dl
dårlig
e
elfte
elleve
en
f
fem
femte
femten
femtende
fire
firs
fjerde
fjorten
fjortende
fyrre
første
g
god
h
halvfems
halvfjerds
halvtreds
hundrede
i
ib
ih
ik
j
ja
k
l
lb
lc
lh
lille
lk
m
milliard
million
n
nej
ni
niende
nitten
nittende
nn
nul
o
oe
otte
ottende
p
punktum
q
r
rn
rr
s
seks
seksten
sekstende
sjette
ss
stor
sytten
syttende
syv
syvende
t
ti
tiende
to
tolv
tolvte
tre
tredive
tredje
tres
tretten
trettende
tusind
tyve
tyvende
u
v
vv
v̇
w
x
y
z
¡
Þ
ß
à
á
â
ã
ä
å
æ
ç
è
é
ê
ë
í
î
ï
ñ
ó
ô
ö
ø
ù
ú
û
ü
ý
ÿ
ă
ć
ċ
č
đ
ē
ĕ
ė
ę
ě
ğ
ġ
ģ
ĭ
ı
ł
ń
œ
ś
ţ
ŭ
ź
ż
ƈ
ƒ
ơ
ƿ
ǎ
ǐ
ǔ
ǵ
ȧ
ȯ
ɉ
ɑ
ɓ
ɗ
ɡ
ɢ
ɩ
ɫ
ɱ
ɼ
ɽ
ʀ
ʂ
ʏ
ʐ
ʙ
ʝ
ʠ
Ο
γ
ι
κ
μ
ν
ο
ρ
τ
υ
Ϝ
ϲ
ϳ
ϵ
Ϸ
Б
Г
О
Ь
а
е
к
м
н
о
р
с
т
у
х
ц
є
ѕ
і
ј
ѡ
ѵ
Ғ
ҫ
Ү
ҳ
һ
ҽ
ӓ
ӧ
ԁ
Ԍ
ԛ
ԝ
Ս
Օ
ա
գ
զ
ժ
հ
ս
ց
ا
ة
ه
١
٨
Ⴝ
Ꭵ
Ꮒ
Ꮪ
ᴍ
ᴜ
ᴢ
ᴦ
ṃ
ẋ
ạ
ẹ
ọ
ỏ
ⲕ
ꙇ
