.
0
1
10
2
3
4
5
6
7
8
9
I
l
آ
أ
ؤ
إ
ئ
ا
اتفاقا
اتفاقاً
اصلا
اصلاً
اول
ب
بالا
بد
بزرگ
بله
بیست
ة
ت
تاریک
ث
ج
جدید
ح
خ
خوب
د
درست
دشمن
ده
دهم
دو
دوازده
دور
دوست
دوم
ذ
ذره
ر
روشن
ز
زره
س
سرد
سریع
سه
سوم
سی
سیزده
ش
شانزده
شروع
شش
ششم
شصت
ص
صد
صفر
ض
ضعیف
ط
ظ
ع
غ
غلط
ف
ق
قدیم
قوی
ك
ل
لطفا
لطفاً
م
مسئله
مسئول
مساله
مسول
مي
می
میلیارد
میلیون
ن
نزدیک
نقطه
نه
نهم
نود
نوزده
ه
هجده
هرگز
هزار
هشت
هشتاد
هشتم
هفت
هفتاد
هفتم
هفده
همیشه
و
ى
ي
٠
١
٢
٣
٤
٥
٦
٧
٨
٩
ٱ
پ
پانزده
پایان
پایین
پنج
پنجاه
پنجم
چ
چهار
چهارده
چهارم
چهل
ژ
ک
کند
کوچک
گ
گذارش
گرم
گزارش
ۀ
ی
یازده
یک
۰
۱
۱۰
۱۰۰
۱۰۰۰
۱۰۰۰۰۰۰
۱۰۰۰۰۰۰۰۰۰
۱۱
۱۲
۱۳
۱۴
۱۵
۱۶
۱۷
۱۸
۱۹
۲
۲۰
۳
۳۰
۴
۴۰
۵
۵۰
۶
۶۰
۷
۷۰
۸
۸۰
۹
۹۰
ﻙ
ﻩ
ﻱ
