.
0
1
10
100
1000
1000000
1000000000
11
12
13
14
15
16
17
18
19
2
20
3
30
4
40
5
50
6
60
7
70
8
80
9
90
a
acht
achte
achtzehn
achtzehnte
achtzig
achtzigste
ae
b
b̔"
c
cl
d
das
dass
di
dl
drei
dreizehn
dreizehnte
dreißig
dreißigste
dritte
e
eins
elf
elfte
erste
f
fuenf
fünf
fünfte
fünfzehn
fünfzehnte
fünfzig
fünfzigste
g
gross
groß
gut
h
hoch
hundert
hundertste
i
ib
ih
ik
j
ja
k
klein
l
lb
lc
lh
lk
m
milliarde
milliardste
million
millionste
n
nein
neun
neunte
neunzehn
neunzehnte
neunzig
neunzigste
niedrig
nn
null
o
oe
p
punkt
q
r
rn
rr
s
schlecht
sechs
sechste
sechzehn
sechzehnte
sechzig
sechzigste
seid
seit
sieben
siebte
siebzehn
siebzehnte
siebzig
siebzigste
ss
strasse
straße
t
tausend
tausendste
u
uber
v
vier
vierte
vierzehn
vierzehnte
vierzig
vierzigste
vv
v̇
w
x
y
z
zehn
zehnte
zwanzig
zwanzigste
zwei
zweite
zwölf
zwölfte
¡
Þ
ß
à
á
â
ã
ä
å
æ
ç
è
é
ê
ë
í
î
ï
ñ
ó
ô
ö
ø
ù
ú
û
ü
über
ý
ÿ
ă
ć
ċ
č
đ
ē
ĕ
ė
ę
ě
ğ
ġ
ģ
ĭ
ı
ł
ń
œ
ś
ţ
ŭ
ź
ż
ƈ
ƒ
ơ
ƿ
ǎ
ǐ
ǔ
ǵ
ȧ
ȯ
ɉ
ɑ
ɓ
ɗ
ɡ
ɢ
ɩ
ɫ
ɱ
ɼ
ɽ
ʀ
ʂ
ʏ
ʐ
ʙ
ʝ
ʠ
Ο
γ
ι
κ
μ
ν
ο
ρ
τ
υ
Ϝ
ϲ
ϳ
ϵ
Ϸ
Б
Г
О
Ь
а
е
к
м
н
о
р
с
т
у
х
ц
є
ѕ
і
ј
ѡ
ѵ
Ғ
ҫ
Ү
ҳ
һ
ҽ
ӓ
ӧ
ԁ
Ԍ
ԛ
ԝ
Ս
Օ
ա
գ
զ
ժ
հ
ս
ց
ا
ة
ه
١
٨
Ⴝ
Ꭵ
Ꮒ
Ꮪ
ᴍ
ᴜ
ᴢ
ᴦ
ṃ
ẋ
ạ
ẹ
ọ
ỏ
ⲕ
ꙇ
